[ 2015-02-03 23:32:00 ] 127.0.0.1 /xxyh/index.php/getmoney
INFO: [ route_check ] --START--
INFO: CheckRoute Behavior ::run [ RunTime:0.001838s ]
INFO: [ route_check ] --END-- [ RunTime:0.001996s ]
INFO: [ app_begin ] --START--
INFO: ReadHtmlCache Behavior ::run [ RunTime:0.001541s ]
INFO: [ app_begin ] --END-- [ RunTime:0.001792s ]
SQL: SHOW COLUMNS FROM `tp_user` [ RunTime:0.007451s ]
SQL: SELECT * FROM `tp_user` WHERE ( id=1 ) LIMIT 1   [ RunTime:0.000426s ]
SQL: SHOW COLUMNS FROM `tp_menu` [ RunTime:0.005720s ]
SQL: select a.id,a.name,a.urls,a.cls,a.pid from tp_menu a left join tp_usermenu b on a.id = b.menuid where 1=1 and a.enabled=1 and a.pid=0 and b.userid=1 order by a.pid asc, a.orders asc  [ RunTime:0.000516s ]
SQL: select a.id,a.name,a.urls,a.cls,a.pid from tp_menu a left join tp_usermenu b on a.id = b.menuid where 1=1 and a.enabled=1 and a.pid !=0 and b.userid=1 order by a.pid asc, a.orders asc  [ RunTime:0.000417s ]
SQL: SHOW COLUMNS FROM `tp_customerform` [ RunTime:0.006348s ]
SQL: select sum(a.sum) as balance from tp_customerform a where 1=1 and a.status =0 and a.userid=1 [ RunTime:0.000517s ]
SQL: SELECT COUNT(id) AS tp_count FROM `tp_user` WHERE ( pid=1 ) LIMIT 1   [ RunTime:0.000659s ]
SQL: SELECT * FROM `tp_user` WHERE ( id=1 ) LIMIT 1   [ RunTime:0.000385s ]
SQL: select a.id,a.name,a.urls,a.cls,a.pid from tp_menu a left join tp_usermenu b on a.id = b.menuid where 1=1 and a.enabled=1 and a.pid=0 and b.userid=1 order by a.pid asc, a.orders asc  [ RunTime:0.000699s ]
SQL: select a.id,a.name,a.urls,a.cls,a.pid from tp_menu a left join tp_usermenu b on a.id = b.menuid where 1=1 and a.enabled=1 and a.pid !=0 and b.userid=1 order by a.pid asc, a.orders asc  [ RunTime:0.000682s ]
SQL: select sum(a.sum) as balance from tp_customerform a where 1=1 and a.status =0 and a.userid=1 [ RunTime:0.000372s ]
SQL: SHOW COLUMNS FROM `tp_operlog` [ RunTime:0.005185s ]
NOTIC: [8] Undefined index:  country D:\AppServ\www\xxyh\home\Lib\Action\IndexAction.class.php 第 187 行.
NOTIC: [8] Undefined index:  city D:\AppServ\www\xxyh\home\Lib\Action\IndexAction.class.php 第 187 行.
SQL: INSERT INTO `tp_operlog` (`dtime`,`operip`,`operarea`,`opermethod`,`opernote`,`userid`) VALUES ('2015-02-03 23:32','127.0.0.1','-本地-','User/checkGetMoney','检查用户提现权限','1') [ RunTime:0.000209s ]

[ 2015-02-03 23:32:01 ] 127.0.0.1 /xxyh/index.php/getbalancemoney?money=100
INFO: [ route_check ] --START--
INFO: CheckRoute Behavior ::run [ RunTime:0.001285s ]
INFO: [ route_check ] --END-- [ RunTime:0.001406s ]
INFO: [ app_begin ] --START--
INFO: ReadHtmlCache Behavior ::run [ RunTime:0.000522s ]
INFO: [ app_begin ] --END-- [ RunTime:0.000583s ]
SQL: SHOW COLUMNS FROM `tp_user` [ RunTime:0.006870s ]
SQL: SELECT * FROM `tp_user` WHERE ( id=1 ) LIMIT 1   [ RunTime:0.000364s ]
SQL: SHOW COLUMNS FROM `tp_menu` [ RunTime:0.004759s ]
SQL: select a.id,a.name,a.urls,a.cls,a.pid from tp_menu a left join tp_usermenu b on a.id = b.menuid where 1=1 and a.enabled=1 and a.pid=0 and b.userid=1 order by a.pid asc, a.orders asc  [ RunTime:0.000718s ]
SQL: select a.id,a.name,a.urls,a.cls,a.pid from tp_menu a left join tp_usermenu b on a.id = b.menuid where 1=1 and a.enabled=1 and a.pid !=0 and b.userid=1 order by a.pid asc, a.orders asc  [ RunTime:0.000503s ]
SQL: SHOW COLUMNS FROM `tp_customerform` [ RunTime:0.004639s ]
SQL: select sum(a.sum) as balance from tp_customerform a where 1=1 and a.status =0 and a.userid=1 [ RunTime:0.000541s ]
SQL: SELECT * FROM `tp_user` WHERE ( id=1 ) LIMIT 1   [ RunTime:0.000486s ]
SQL: SHOW COLUMNS FROM `tp_tixian` [ RunTime:0.005051s ]
SQL: SELECT * FROM `tp_user` WHERE ( id=1 ) LIMIT 1   [ RunTime:0.000265s ]
SQL: select a.id,a.name,a.urls,a.cls,a.pid from tp_menu a left join tp_usermenu b on a.id = b.menuid where 1=1 and a.enabled=1 and a.pid=0 and b.userid=1 order by a.pid asc, a.orders asc  [ RunTime:0.000474s ]
SQL: select a.id,a.name,a.urls,a.cls,a.pid from tp_menu a left join tp_usermenu b on a.id = b.menuid where 1=1 and a.enabled=1 and a.pid !=0 and b.userid=1 order by a.pid asc, a.orders asc  [ RunTime:0.000394s ]
SQL: select sum(a.sum) as balance from tp_customerform a where 1=1 and a.status =0 and a.userid=1 [ RunTime:0.000165s ]
SQL: SHOW COLUMNS FROM `tp_operlog` [ RunTime:0.005524s ]
NOTIC: [8] Undefined index:  country D:\AppServ\www\xxyh\home\Lib\Action\IndexAction.class.php 第 187 行.
NOTIC: [8] Undefined index:  city D:\AppServ\www\xxyh\home\Lib\Action\IndexAction.class.php 第 187 行.
SQL: INSERT INTO `tp_operlog` (`dtime`,`operip`,`operarea`,`opermethod`,`opernote`,`userid`) VALUES ('2015-02-03 23:32','127.0.0.1','-本地-','User/getBalanceMoney','用户提现','1') [ RunTime:0.000383s ]

[ 2015-02-03 23:32:01 ] 127.0.0.1 /xxyh/index.php/userinfo
INFO: [ route_check ] --START--
INFO: CheckRoute Behavior ::run [ RunTime:0.001155s ]
INFO: [ route_check ] --END-- [ RunTime:0.001254s ]
INFO: [ app_begin ] --START--
INFO: ReadHtmlCache Behavior ::run [ RunTime:0.000476s ]
INFO: [ app_begin ] --END-- [ RunTime:0.000543s ]
SQL: SHOW COLUMNS FROM `tp_user` [ RunTime:0.005688s ]
SQL: SELECT * FROM `tp_user` WHERE ( id=1 ) LIMIT 1   [ RunTime:0.000445s ]
SQL: SHOW COLUMNS FROM `tp_menu` [ RunTime:0.005664s ]
SQL: select a.id,a.name,a.urls,a.cls,a.pid from tp_menu a left join tp_usermenu b on a.id = b.menuid where 1=1 and a.enabled=1 and a.pid=0 and b.userid=1 order by a.pid asc, a.orders asc  [ RunTime:0.000682s ]
SQL: select a.id,a.name,a.urls,a.cls,a.pid from tp_menu a left join tp_usermenu b on a.id = b.menuid where 1=1 and a.enabled=1 and a.pid !=0 and b.userid=1 order by a.pid asc, a.orders asc  [ RunTime:0.000562s ]
SQL: SHOW COLUMNS FROM `tp_customerform` [ RunTime:0.004791s ]
SQL: select sum(a.sum) as balance from tp_customerform a where 1=1 and a.status =0 and a.userid=1 [ RunTime:0.000247s ]
SQL: SELECT * FROM `tp_user` WHERE ( id=1 ) LIMIT 1   [ RunTime:0.000308s ]
SQL: select a.id,a.name,a.urls,a.cls,a.pid from tp_menu a left join tp_usermenu b on a.id = b.menuid where 1=1 and a.enabled=1 and a.pid=0 and b.userid=1 order by a.pid asc, a.orders asc  [ RunTime:0.000741s ]
SQL: select a.id,a.name,a.urls,a.cls,a.pid from tp_menu a left join tp_usermenu b on a.id = b.menuid where 1=1 and a.enabled=1 and a.pid !=0 and b.userid=1 order by a.pid asc, a.orders asc  [ RunTime:0.000558s ]
SQL: select sum(a.sum) as balance from tp_customerform a where 1=1 and a.status =0 and a.userid=1 [ RunTime:0.000295s ]
SQL: SHOW COLUMNS FROM `tp_operlog` [ RunTime:0.005500s ]
NOTIC: [8] Undefined index:  country D:\AppServ\www\xxyh\home\Lib\Action\IndexAction.class.php 第 187 行.
NOTIC: [8] Undefined index:  city D:\AppServ\www\xxyh\home\Lib\Action\IndexAction.class.php 第 187 行.
SQL: INSERT INTO `tp_operlog` (`dtime`,`operip`,`operarea`,`opermethod`,`opernote`,`userid`) VALUES ('2015-02-03 23:32','127.0.0.1','-本地-','User/getUserInfo','用户信息页面','1') [ RunTime:0.000308s ]
INFO: [ view_parse ] --START--
INFO: ParseTemplate Behavior ::run [ RunTime:0.014523s ]
INFO: [ view_parse ] --END-- [ RunTime:0.014644s ]
INFO: [ view_filter ] --START--
INFO: ContentReplace Behavior ::run [ RunTime:0.001261s ]
INFO: TokenBuild Behavior ::run [ RunTime:0.000718s ]
INFO: WriteHtmlCache Behavior ::run [ RunTime:0.000842s ]
INFO: ShowRuntime Behavior ::run [ RunTime:0.001125s ]
INFO: [ view_filter ] --END-- [ RunTime:0.004285s ]
INFO: [ view_end ] --START--
INFO: ShowPageTrace Behavior ::run [ RunTime:0.001103s ]
INFO: [ view_end ] --END-- [ RunTime:0.001207s ]

[ 2015-02-03 23:33:29 ] 127.0.0.1 /xxyh/index.php/userinfo
INFO: [ route_check ] --START--
INFO: CheckRoute Behavior ::run [ RunTime:0.001060s ]
INFO: [ route_check ] --END-- [ RunTime:0.001159s ]
INFO: [ app_begin ] --START--
INFO: ReadHtmlCache Behavior ::run [ RunTime:0.000707s ]
INFO: [ app_begin ] --END-- [ RunTime:0.000767s ]
SQL: SHOW COLUMNS FROM `tp_user` [ RunTime:0.004461s ]
SQL: SELECT * FROM `tp_user` WHERE ( id=1 ) LIMIT 1   [ RunTime:0.000344s ]
SQL: SHOW COLUMNS FROM `tp_menu` [ RunTime:0.004024s ]
SQL: select a.id,a.name,a.urls,a.cls,a.pid from tp_menu a left join tp_usermenu b on a.id = b.menuid where 1=1 and a.enabled=1 and a.pid=0 and b.userid=1 order by a.pid asc, a.orders asc  [ RunTime:0.000542s ]
SQL: select a.id,a.name,a.urls,a.cls,a.pid from tp_menu a left join tp_usermenu b on a.id = b.menuid where 1=1 and a.enabled=1 and a.pid !=0 and b.userid=1 order by a.pid asc, a.orders asc  [ RunTime:0.000588s ]
SQL: SHOW COLUMNS FROM `tp_customerform` [ RunTime:0.004206s ]
SQL: select sum(a.sum) as balance from tp_customerform a where 1=1 and a.status =0 and a.userid=1 [ RunTime:0.000304s ]
SQL: SELECT * FROM `tp_user` WHERE ( id=1 ) LIMIT 1   [ RunTime:0.000354s ]
SQL: select a.id,a.name,a.urls,a.cls,a.pid from tp_menu a left join tp_usermenu b on a.id = b.menuid where 1=1 and a.enabled=1 and a.pid=0 and b.userid=1 order by a.pid asc, a.orders asc  [ RunTime:0.000532s ]
SQL: select a.id,a.name,a.urls,a.cls,a.pid from tp_menu a left join tp_usermenu b on a.id = b.menuid where 1=1 and a.enabled=1 and a.pid !=0 and b.userid=1 order by a.pid asc, a.orders asc  [ RunTime:0.000425s ]
SQL: select sum(a.sum) as balance from tp_customerform a where 1=1 and a.status =0 and a.userid=1 [ RunTime:0.000251s ]
SQL: SHOW COLUMNS FROM `tp_operlog` [ RunTime:0.004573s ]
NOTIC: [8] Undefined index:  country D:\AppServ\www\xxyh\home\Lib\Action\IndexAction.class.php 第 187 行.
NOTIC: [8] Undefined index:  city D:\AppServ\www\xxyh\home\Lib\Action\IndexAction.class.php 第 187 行.
SQL: INSERT INTO `tp_operlog` (`dtime`,`operip`,`operarea`,`opermethod`,`opernote`,`userid`) VALUES ('2015-02-03 23:33','127.0.0.1','-本地-','User/getUserInfo','用户信息页面','1') [ RunTime:0.000205s ]
INFO: [ view_parse ] --START--
INFO: ParseTemplate Behavior ::run [ RunTime:0.012464s ]
INFO: [ view_parse ] --END-- [ RunTime:0.012570s ]
INFO: [ view_filter ] --START--
INFO: ContentReplace Behavior ::run [ RunTime:0.000590s ]
INFO: TokenBuild Behavior ::run [ RunTime:0.000566s ]
INFO: WriteHtmlCache Behavior ::run [ RunTime:0.000480s ]
INFO: ShowRuntime Behavior ::run [ RunTime:0.000642s ]
INFO: [ view_filter ] --END-- [ RunTime:0.002441s ]
INFO: [ view_end ] --START--
INFO: ShowPageTrace Behavior ::run [ RunTime:0.000774s ]
INFO: [ view_end ] --END-- [ RunTime:0.000834s ]

[ 2015-02-03 23:33:30 ] 127.0.0.1 /xxyh/index.php/getmoney
INFO: [ route_check ] --START--
INFO: CheckRoute Behavior ::run [ RunTime:0.001158s ]
INFO: [ route_check ] --END-- [ RunTime:0.001285s ]
INFO: [ app_begin ] --START--
INFO: ReadHtmlCache Behavior ::run [ RunTime:0.000677s ]
INFO: [ app_begin ] --END-- [ RunTime:0.000774s ]
SQL: SHOW COLUMNS FROM `tp_user` [ RunTime:0.005040s ]
SQL: SELECT * FROM `tp_user` WHERE ( id=1 ) LIMIT 1   [ RunTime:0.000701s ]
SQL: SHOW COLUMNS FROM `tp_menu` [ RunTime:0.004586s ]
SQL: select a.id,a.name,a.urls,a.cls,a.pid from tp_menu a left join tp_usermenu b on a.id = b.menuid where 1=1 and a.enabled=1 and a.pid=0 and b.userid=1 order by a.pid asc, a.orders asc  [ RunTime:0.000536s ]
SQL: select a.id,a.name,a.urls,a.cls,a.pid from tp_menu a left join tp_usermenu b on a.id = b.menuid where 1=1 and a.enabled=1 and a.pid !=0 and b.userid=1 order by a.pid asc, a.orders asc  [ RunTime:0.000443s ]
SQL: SHOW COLUMNS FROM `tp_customerform` [ RunTime:0.004380s ]
SQL: select sum(a.sum) as balance from tp_customerform a where 1=1 and a.status =0 and a.userid=1 [ RunTime:0.000314s ]
SQL: SELECT COUNT(id) AS tp_count FROM `tp_user` WHERE ( pid=1 ) LIMIT 1   [ RunTime:0.000259s ]
SQL: SELECT * FROM `tp_user` WHERE ( id=1 ) LIMIT 1   [ RunTime:0.000419s ]
SQL: select a.id,a.name,a.urls,a.cls,a.pid from tp_menu a left join tp_usermenu b on a.id = b.menuid where 1=1 and a.enabled=1 and a.pid=0 and b.userid=1 order by a.pid asc, a.orders asc  [ RunTime:0.000544s ]
SQL: select a.id,a.name,a.urls,a.cls,a.pid from tp_menu a left join tp_usermenu b on a.id = b.menuid where 1=1 and a.enabled=1 and a.pid !=0 and b.userid=1 order by a.pid asc, a.orders asc  [ RunTime:0.000677s ]
SQL: select sum(a.sum) as balance from tp_customerform a where 1=1 and a.status =0 and a.userid=1 [ RunTime:0.000504s ]
SQL: SHOW COLUMNS FROM `tp_operlog` [ RunTime:0.006549s ]
NOTIC: [8] Undefined index:  country D:\AppServ\www\xxyh\home\Lib\Action\IndexAction.class.php 第 187 行.
NOTIC: [8] Undefined index:  city D:\AppServ\www\xxyh\home\Lib\Action\IndexAction.class.php 第 187 行.
SQL: INSERT INTO `tp_operlog` (`dtime`,`operip`,`operarea`,`opermethod`,`opernote`,`userid`) VALUES ('2015-02-03 23:33','127.0.0.1','-本地-','User/checkGetMoney','检查用户提现权限','1') [ RunTime:0.000375s ]

[ 2015-02-03 23:33:31 ] 127.0.0.1 /xxyh/index.php/getbalancemoney?money=100
INFO: [ route_check ] --START--
INFO: CheckRoute Behavior ::run [ RunTime:0.001228s ]
INFO: [ route_check ] --END-- [ RunTime:0.001375s ]
INFO: [ app_begin ] --START--
INFO: ReadHtmlCache Behavior ::run [ RunTime:0.000482s ]
INFO: [ app_begin ] --END-- [ RunTime:0.000534s ]
SQL: SHOW COLUMNS FROM `tp_user` [ RunTime:0.004542s ]
SQL: SELECT * FROM `tp_user` WHERE ( id=1 ) LIMIT 1   [ RunTime:0.000335s ]
SQL: SHOW COLUMNS FROM `tp_menu` [ RunTime:0.004711s ]
SQL: select a.id,a.name,a.urls,a.cls,a.pid from tp_menu a left join tp_usermenu b on a.id = b.menuid where 1=1 and a.enabled=1 and a.pid=0 and b.userid=1 order by a.pid asc, a.orders asc  [ RunTime:0.000969s ]
SQL: select a.id,a.name,a.urls,a.cls,a.pid from tp_menu a left join tp_usermenu b on a.id = b.menuid where 1=1 and a.enabled=1 and a.pid !=0 and b.userid=1 order by a.pid asc, a.orders asc  [ RunTime:0.000914s ]
SQL: SHOW COLUMNS FROM `tp_customerform` [ RunTime:0.005601s ]
SQL: select sum(a.sum) as balance from tp_customerform a where 1=1 and a.status =0 and a.userid=1 [ RunTime:0.000300s ]
SQL: SELECT * FROM `tp_user` WHERE ( id=1 ) LIMIT 1   [ RunTime:0.000225s ]
SQL: SHOW COLUMNS FROM `tp_tixian` [ RunTime:0.003906s ]
SQL: SELECT * FROM `tp_user` WHERE ( id=1 ) LIMIT 1   [ RunTime:0.000293s ]
SQL: select a.id,a.name,a.urls,a.cls,a.pid from tp_menu a left join tp_usermenu b on a.id = b.menuid where 1=1 and a.enabled=1 and a.pid=0 and b.userid=1 order by a.pid asc, a.orders asc  [ RunTime:0.000666s ]
SQL: select a.id,a.name,a.urls,a.cls,a.pid from tp_menu a left join tp_usermenu b on a.id = b.menuid where 1=1 and a.enabled=1 and a.pid !=0 and b.userid=1 order by a.pid asc, a.orders asc  [ RunTime:0.000604s ]
SQL: select sum(a.sum) as balance from tp_customerform a where 1=1 and a.status =0 and a.userid=1 [ RunTime:0.000270s ]
SQL: SHOW COLUMNS FROM `tp_operlog` [ RunTime:0.005189s ]
NOTIC: [8] Undefined index:  country D:\AppServ\www\xxyh\home\Lib\Action\IndexAction.class.php 第 187 行.
NOTIC: [8] Undefined index:  city D:\AppServ\www\xxyh\home\Lib\Action\IndexAction.class.php 第 187 行.
SQL: INSERT INTO `tp_operlog` (`dtime`,`operip`,`operarea`,`opermethod`,`opernote`,`userid`) VALUES ('2015-02-03 23:33','127.0.0.1','-本地-','User/getBalanceMoney','用户提现','1') [ RunTime:0.000251s ]

[ 2015-02-03 23:33:31 ] 127.0.0.1 /xxyh/index.php/userinfo
INFO: [ route_check ] --START--
INFO: CheckRoute Behavior ::run [ RunTime:0.001087s ]
INFO: [ route_check ] --END-- [ RunTime:0.001208s ]
INFO: [ app_begin ] --START--
INFO: ReadHtmlCache Behavior ::run [ RunTime:0.000526s ]
INFO: [ app_begin ] --END-- [ RunTime:0.000604s ]
SQL: SHOW COLUMNS FROM `tp_user` [ RunTime:0.005733s ]
SQL: SELECT * FROM `tp_user` WHERE ( id=1 ) LIMIT 1   [ RunTime:0.000732s ]
SQL: SHOW COLUMNS FROM `tp_menu` [ RunTime:0.004562s ]
SQL: select a.id,a.name,a.urls,a.cls,a.pid from tp_menu a left join tp_usermenu b on a.id = b.menuid where 1=1 and a.enabled=1 and a.pid=0 and b.userid=1 order by a.pid asc, a.orders asc  [ RunTime:0.000546s ]
SQL: select a.id,a.name,a.urls,a.cls,a.pid from tp_menu a left join tp_usermenu b on a.id = b.menuid where 1=1 and a.enabled=1 and a.pid !=0 and b.userid=1 order by a.pid asc, a.orders asc  [ RunTime:0.000468s ]
SQL: SHOW COLUMNS FROM `tp_customerform` [ RunTime:0.006228s ]
SQL: select sum(a.sum) as balance from tp_customerform a where 1=1 and a.status =0 and a.userid=1 [ RunTime:0.000449s ]
SQL: SELECT * FROM `tp_user` WHERE ( id=1 ) LIMIT 1   [ RunTime:0.000493s ]
SQL: select a.id,a.name,a.urls,a.cls,a.pid from tp_menu a left join tp_usermenu b on a.id = b.menuid where 1=1 and a.enabled=1 and a.pid=0 and b.userid=1 order by a.pid asc, a.orders asc  [ RunTime:0.000845s ]
SQL: select a.id,a.name,a.urls,a.cls,a.pid from tp_menu a left join tp_usermenu b on a.id = b.menuid where 1=1 and a.enabled=1 and a.pid !=0 and b.userid=1 order by a.pid asc, a.orders asc  [ RunTime:0.001215s ]
SQL: select sum(a.sum) as balance from tp_customerform a where 1=1 and a.status =0 and a.userid=1 [ RunTime:0.000433s ]
SQL: SHOW COLUMNS FROM `tp_operlog` [ RunTime:0.005672s ]
NOTIC: [8] Undefined index:  country D:\AppServ\www\xxyh\home\Lib\Action\IndexAction.class.php 第 187 行.
NOTIC: [8] Undefined index:  city D:\AppServ\www\xxyh\home\Lib\Action\IndexAction.class.php 第 187 行.
SQL: INSERT INTO `tp_operlog` (`dtime`,`operip`,`operarea`,`opermethod`,`opernote`,`userid`) VALUES ('2015-02-03 23:33','127.0.0.1','-本地-','User/getUserInfo','用户信息页面','1') [ RunTime:0.000249s ]
INFO: [ view_parse ] --START--
INFO: ParseTemplate Behavior ::run [ RunTime:0.015544s ]
INFO: [ view_parse ] --END-- [ RunTime:0.015660s ]
INFO: [ view_filter ] --START--
INFO: ContentReplace Behavior ::run [ RunTime:0.000328s ]
INFO: TokenBuild Behavior ::run [ RunTime:0.000300s ]
INFO: WriteHtmlCache Behavior ::run [ RunTime:0.000200s ]
INFO: ShowRuntime Behavior ::run [ RunTime:0.000354s ]
INFO: [ view_filter ] --END-- [ RunTime:0.001345s ]
INFO: [ view_end ] --START--
INFO: ShowPageTrace Behavior ::run [ RunTime:0.000485s ]
INFO: [ view_end ] --END-- [ RunTime:0.000560s ]

[ 2015-02-03 23:36:43 ] 127.0.0.1 /xxyh/index.php/getmoney
INFO: [ route_check ] --START--
INFO: CheckRoute Behavior ::run [ RunTime:0.001419s ]
INFO: [ route_check ] --END-- [ RunTime:0.001518s ]
INFO: [ app_begin ] --START--
INFO: ReadHtmlCache Behavior ::run [ RunTime:0.000749s ]
INFO: [ app_begin ] --END-- [ RunTime:0.000823s ]
SQL: SHOW COLUMNS FROM `tp_user` [ RunTime:0.004562s ]
SQL: SELECT * FROM `tp_user` WHERE ( id=1 ) LIMIT 1   [ RunTime:0.000361s ]
SQL: SHOW COLUMNS FROM `tp_menu` [ RunTime:0.003848s ]
SQL: select a.id,a.name,a.urls,a.cls,a.pid from tp_menu a left join tp_usermenu b on a.id = b.menuid where 1=1 and a.enabled=1 and a.pid=0 and b.userid=1 order by a.pid asc, a.orders asc  [ RunTime:0.000584s ]
SQL: select a.id,a.name,a.urls,a.cls,a.pid from tp_menu a left join tp_usermenu b on a.id = b.menuid where 1=1 and a.enabled=1 and a.pid !=0 and b.userid=1 order by a.pid asc, a.orders asc  [ RunTime:0.000547s ]
SQL: SHOW COLUMNS FROM `tp_customerform` [ RunTime:0.003841s ]
SQL: select sum(a.sum) as balance from tp_customerform a where 1=1 and a.status =0 and a.userid=1 [ RunTime:0.000285s ]
SQL: SELECT COUNT(id) AS tp_count FROM `tp_user` WHERE ( pid=1 ) LIMIT 1   [ RunTime:0.000175s ]
SQL: SELECT * FROM `tp_user` WHERE ( id=1 ) LIMIT 1   [ RunTime:0.000236s ]
SQL: select a.id,a.name,a.urls,a.cls,a.pid from tp_menu a left join tp_usermenu b on a.id = b.menuid where 1=1 and a.enabled=1 and a.pid=0 and b.userid=1 order by a.pid asc, a.orders asc  [ RunTime:0.000435s ]
SQL: select a.id,a.name,a.urls,a.cls,a.pid from tp_menu a left join tp_usermenu b on a.id = b.menuid where 1=1 and a.enabled=1 and a.pid !=0 and b.userid=1 order by a.pid asc, a.orders asc  [ RunTime:0.000596s ]
SQL: select sum(a.sum) as balance from tp_customerform a where 1=1 and a.status =0 and a.userid=1 [ RunTime:0.000251s ]
SQL: SHOW COLUMNS FROM `tp_operlog` [ RunTime:0.004113s ]
NOTIC: [8] Undefined index:  country D:\AppServ\www\xxyh\home\Lib\Action\IndexAction.class.php 第 187 行.
NOTIC: [8] Undefined index:  city D:\AppServ\www\xxyh\home\Lib\Action\IndexAction.class.php 第 187 行.
SQL: INSERT INTO `tp_operlog` (`dtime`,`operip`,`operarea`,`opermethod`,`opernote`,`userid`) VALUES ('2015-02-03 23:36','127.0.0.1','-本地-','User/checkGetMoney','检查用户提现权限','1') [ RunTime:0.000297s ]

[ 2015-02-03 23:36:44 ] 127.0.0.1 /xxyh/index.php/getbalancemoney?money=100
INFO: [ route_check ] --START--
INFO: CheckRoute Behavior ::run [ RunTime:0.001254s ]
INFO: [ route_check ] --END-- [ RunTime:0.001371s ]
INFO: [ app_begin ] --START--
INFO: ReadHtmlCache Behavior ::run [ RunTime:0.000636s ]
INFO: [ app_begin ] --END-- [ RunTime:0.000740s ]
SQL: SHOW COLUMNS FROM `tp_user` [ RunTime:0.004940s ]
SQL: SELECT * FROM `tp_user` WHERE ( id=1 ) LIMIT 1   [ RunTime:0.001633s ]
SQL: SHOW COLUMNS FROM `tp_menu` [ RunTime:0.004916s ]
SQL: select a.id,a.name,a.urls,a.cls,a.pid from tp_menu a left join tp_usermenu b on a.id = b.menuid where 1=1 and a.enabled=1 and a.pid=0 and b.userid=1 order by a.pid asc, a.orders asc  [ RunTime:0.000502s ]
SQL: select a.id,a.name,a.urls,a.cls,a.pid from tp_menu a left join tp_usermenu b on a.id = b.menuid where 1=1 and a.enabled=1 and a.pid !=0 and b.userid=1 order by a.pid asc, a.orders asc  [ RunTime:0.000419s ]
SQL: SHOW COLUMNS FROM `tp_customerform` [ RunTime:0.004199s ]
SQL: select sum(a.sum) as balance from tp_customerform a where 1=1 and a.status =0 and a.userid=1 [ RunTime:0.000314s ]
SQL: SELECT * FROM `tp_user` WHERE ( id=1 ) LIMIT 1   [ RunTime:0.000389s ]
SQL: SHOW COLUMNS FROM `tp_tixian` [ RunTime:0.005122s ]
SQL: INSERT INTO `tp_tixian` (`dtime`,`userid`,`money`,`status`) VALUES ('2015-02-03 23:36','1',100,0) [ RunTime:0.000305s ]
SQL: SELECT * FROM `tp_user` WHERE ( id=1 ) LIMIT 1   [ RunTime:0.000388s ]
SQL: select a.id,a.name,a.urls,a.cls,a.pid from tp_menu a left join tp_usermenu b on a.id = b.menuid where 1=1 and a.enabled=1 and a.pid=0 and b.userid=1 order by a.pid asc, a.orders asc  [ RunTime:0.000605s ]
SQL: select a.id,a.name,a.urls,a.cls,a.pid from tp_menu a left join tp_usermenu b on a.id = b.menuid where 1=1 and a.enabled=1 and a.pid !=0 and b.userid=1 order by a.pid asc, a.orders asc  [ RunTime:0.000677s ]
SQL: select sum(a.sum) as balance from tp_customerform a where 1=1 and a.status =0 and a.userid=1 [ RunTime:0.000560s ]
SQL: SHOW COLUMNS FROM `tp_operlog` [ RunTime:0.005787s ]
NOTIC: [8] Undefined index:  country D:\AppServ\www\xxyh\home\Lib\Action\IndexAction.class.php 第 187 行.
NOTIC: [8] Undefined index:  city D:\AppServ\www\xxyh\home\Lib\Action\IndexAction.class.php 第 187 行.
SQL: INSERT INTO `tp_operlog` (`dtime`,`operip`,`operarea`,`opermethod`,`opernote`,`userid`) VALUES ('2015-02-03 23:36','127.0.0.1','-本地-','User/getBalanceMoney','用户提现','1') [ RunTime:0.000234s ]

[ 2015-02-03 23:36:44 ] 127.0.0.1 /xxyh/index.php/userinfo
INFO: [ route_check ] --START--
INFO: CheckRoute Behavior ::run [ RunTime:0.000890s ]
INFO: [ route_check ] --END-- [ RunTime:0.001002s ]
INFO: [ app_begin ] --START--
INFO: ReadHtmlCache Behavior ::run [ RunTime:0.000674s ]
INFO: [ app_begin ] --END-- [ RunTime:0.000785s ]
SQL: SHOW COLUMNS FROM `tp_user` [ RunTime:0.005824s ]
SQL: SELECT * FROM `tp_user` WHERE ( id=1 ) LIMIT 1   [ RunTime:0.000560s ]
SQL: SHOW COLUMNS FROM `tp_menu` [ RunTime:0.005473s ]
SQL: select a.id,a.name,a.urls,a.cls,a.pid from tp_menu a left join tp_usermenu b on a.id = b.menuid where 1=1 and a.enabled=1 and a.pid=0 and b.userid=1 order by a.pid asc, a.orders asc  [ RunTime:0.000524s ]
SQL: select a.id,a.name,a.urls,a.cls,a.pid from tp_menu a left join tp_usermenu b on a.id = b.menuid where 1=1 and a.enabled=1 and a.pid !=0 and b.userid=1 order by a.pid asc, a.orders asc  [ RunTime:0.000417s ]
SQL: SHOW COLUMNS FROM `tp_customerform` [ RunTime:0.004495s ]
SQL: select sum(a.sum) as balance from tp_customerform a where 1=1 and a.status =0 and a.userid=1 [ RunTime:0.000396s ]
SQL: SELECT * FROM `tp_user` WHERE ( id=1 ) LIMIT 1   [ RunTime:0.000465s ]
SQL: select a.id,a.name,a.urls,a.cls,a.pid from tp_menu a left join tp_usermenu b on a.id = b.menuid where 1=1 and a.enabled=1 and a.pid=0 and b.userid=1 order by a.pid asc, a.orders asc  [ RunTime:0.000690s ]
SQL: select a.id,a.name,a.urls,a.cls,a.pid from tp_menu a left join tp_usermenu b on a.id = b.menuid where 1=1 and a.enabled=1 and a.pid !=0 and b.userid=1 order by a.pid asc, a.orders asc  [ RunTime:0.000654s ]
SQL: select sum(a.sum) as balance from tp_customerform a where 1=1 and a.status =0 and a.userid=1 [ RunTime:0.000270s ]
SQL: SHOW COLUMNS FROM `tp_operlog` [ RunTime:0.004390s ]
NOTIC: [8] Undefined index:  country D:\AppServ\www\xxyh\home\Lib\Action\IndexAction.class.php 第 187 行.
NOTIC: [8] Undefined index:  city D:\AppServ\www\xxyh\home\Lib\Action\IndexAction.class.php 第 187 行.
SQL: INSERT INTO `tp_operlog` (`dtime`,`operip`,`operarea`,`opermethod`,`opernote`,`userid`) VALUES ('2015-02-03 23:36','127.0.0.1','-本地-','User/getUserInfo','用户信息页面','1') [ RunTime:0.000248s ]
INFO: [ view_parse ] --START--
INFO: ParseTemplate Behavior ::run [ RunTime:0.020586s ]
INFO: [ view_parse ] --END-- [ RunTime:0.020755s ]
INFO: [ view_filter ] --START--
INFO: ContentReplace Behavior ::run [ RunTime:0.001250s ]
INFO: TokenBuild Behavior ::run [ RunTime:0.001232s ]
INFO: WriteHtmlCache Behavior ::run [ RunTime:0.001154s ]
INFO: ShowRuntime Behavior ::run [ RunTime:0.000826s ]
INFO: [ view_filter ] --END-- [ RunTime:0.004928s ]
INFO: [ view_end ] --START--
INFO: ShowPageTrace Behavior ::run [ RunTime:0.001552s ]
INFO: [ view_end ] --END-- [ RunTime:0.001707s ]

[ 2015-02-03 23:36:53 ] 127.0.0.1 /xxyh/index.php/alltixian
INFO: [ route_check ] --START--
INFO: CheckRoute Behavior ::run [ RunTime:0.001527s ]
INFO: [ route_check ] --END-- [ RunTime:0.001626s ]
INFO: [ app_begin ] --START--
INFO: ReadHtmlCache Behavior ::run [ RunTime:0.000789s ]
INFO: [ app_begin ] --END-- [ RunTime:0.000862s ]
SQL: SHOW COLUMNS FROM `tp_user` [ RunTime:0.004124s ]
SQL: SELECT * FROM `tp_user` WHERE ( id=1 ) LIMIT 1   [ RunTime:0.000298s ]
SQL: SHOW COLUMNS FROM `tp_menu` [ RunTime:0.003972s ]
SQL: select a.id,a.name,a.urls,a.cls,a.pid from tp_menu a left join tp_usermenu b on a.id = b.menuid where 1=1 and a.enabled=1 and a.pid=0 and b.userid=1 order by a.pid asc, a.orders asc  [ RunTime:0.000555s ]
SQL: select a.id,a.name,a.urls,a.cls,a.pid from tp_menu a left join tp_usermenu b on a.id = b.menuid where 1=1 and a.enabled=1 and a.pid !=0 and b.userid=1 order by a.pid asc, a.orders asc  [ RunTime:0.000438s ]
SQL: SHOW COLUMNS FROM `tp_customerform` [ RunTime:0.003894s ]
SQL: select sum(a.sum) as balance from tp_customerform a where 1=1 and a.status =0 and a.userid=1 [ RunTime:0.000245s ]
SQL: SHOW COLUMNS FROM `tp_tixian` [ RunTime:0.004173s ]
SQL: SELECT COUNT(*) AS tp_count FROM `tp_tixian` LIMIT 1   [ RunTime:0.000238s ]
SQL: select a.id,a.money,a.dtime,a.status,b.name,b.yeji from tp_tixian a left join tp_user b on a.userid = b.id  where 1=1  limit 0,9 [ RunTime:0.000215s ]
SQL: SELECT * FROM `tp_user` WHERE ( id=1 ) LIMIT 1   [ RunTime:0.000235s ]
SQL: select a.id,a.name,a.urls,a.cls,a.pid from tp_menu a left join tp_usermenu b on a.id = b.menuid where 1=1 and a.enabled=1 and a.pid=0 and b.userid=1 order by a.pid asc, a.orders asc  [ RunTime:0.000463s ]
SQL: select a.id,a.name,a.urls,a.cls,a.pid from tp_menu a left join tp_usermenu b on a.id = b.menuid where 1=1 and a.enabled=1 and a.pid !=0 and b.userid=1 order by a.pid asc, a.orders asc  [ RunTime:0.000424s ]
SQL: select sum(a.sum) as balance from tp_customerform a where 1=1 and a.status =0 and a.userid=1 [ RunTime:0.000176s ]
SQL: SHOW COLUMNS FROM `tp_operlog` [ RunTime:0.010859s ]
NOTIC: [8] Undefined index:  country D:\AppServ\www\xxyh\home\Lib\Action\IndexAction.class.php 第 187 行.
NOTIC: [8] Undefined index:  city D:\AppServ\www\xxyh\home\Lib\Action\IndexAction.class.php 第 187 行.
SQL: INSERT INTO `tp_operlog` (`dtime`,`operip`,`operarea`,`opermethod`,`opernote`,`userid`) VALUES ('2015-02-03 23:36','127.0.0.1','-本地-','User/getAllTiXian','全部提现记录','1') [ RunTime:0.000307s ]
INFO: [ view_parse ] --START--
INFO: ParseTemplate Behavior ::run [ RunTime:0.022609s ]
INFO: [ view_parse ] --END-- [ RunTime:0.022783s ]
INFO: [ view_filter ] --START--
INFO: ContentReplace Behavior ::run [ RunTime:0.001387s ]
INFO: TokenBuild Behavior ::run [ RunTime:0.001278s ]
INFO: WriteHtmlCache Behavior ::run [ RunTime:0.001300s ]
INFO: ShowRuntime Behavior ::run [ RunTime:0.001609s ]
INFO: [ view_filter ] --END-- [ RunTime:0.006406s ]
INFO: [ view_end ] --START--
INFO: ShowPageTrace Behavior ::run [ RunTime:0.001428s ]
INFO: [ view_end ] --END-- [ RunTime:0.001537s ]

[ 2015-02-03 23:37:11 ] 127.0.0.1 /xxyh/index.php/alltixian
INFO: [ route_check ] --START--
INFO: CheckRoute Behavior ::run [ RunTime:0.001526s ]
INFO: [ route_check ] --END-- [ RunTime:0.001624s ]
INFO: [ app_begin ] --START--
INFO: ReadHtmlCache Behavior ::run [ RunTime:0.000743s ]
INFO: [ app_begin ] --END-- [ RunTime:0.000806s ]
SQL: SHOW COLUMNS FROM `tp_user` [ RunTime:0.004374s ]
SQL: SELECT * FROM `tp_user` WHERE ( id=1 ) LIMIT 1   [ RunTime:0.000312s ]
SQL: SHOW COLUMNS FROM `tp_menu` [ RunTime:0.004064s ]
SQL: select a.id,a.name,a.urls,a.cls,a.pid from tp_menu a left join tp_usermenu b on a.id = b.menuid where 1=1 and a.enabled=1 and a.pid=0 and b.userid=1 order by a.pid asc, a.orders asc  [ RunTime:0.000659s ]
SQL: select a.id,a.name,a.urls,a.cls,a.pid from tp_menu a left join tp_usermenu b on a.id = b.menuid where 1=1 and a.enabled=1 and a.pid !=0 and b.userid=1 order by a.pid asc, a.orders asc  [ RunTime:0.000516s ]
SQL: SHOW COLUMNS FROM `tp_customerform` [ RunTime:0.004485s ]
SQL: select sum(a.sum) as balance from tp_customerform a where 1=1 and a.status =0 and a.userid=1 [ RunTime:0.000299s ]
SQL: SHOW COLUMNS FROM `tp_tixian` [ RunTime:0.003893s ]
SQL: SELECT COUNT(*) AS tp_count FROM `tp_tixian` LIMIT 1   [ RunTime:0.000215s ]
SQL: select a.id,a.money,a.dtime,a.status,b.name,b.yeji from tp_tixian a left join tp_user b on a.userid = b.id  where 1=1  limit 0,9 [ RunTime:0.000212s ]
SQL: SELECT * FROM `tp_user` WHERE ( id=1 ) LIMIT 1   [ RunTime:0.000233s ]
SQL: select a.id,a.name,a.urls,a.cls,a.pid from tp_menu a left join tp_usermenu b on a.id = b.menuid where 1=1 and a.enabled=1 and a.pid=0 and b.userid=1 order by a.pid asc, a.orders asc  [ RunTime:0.000449s ]
SQL: select a.id,a.name,a.urls,a.cls,a.pid from tp_menu a left join tp_usermenu b on a.id = b.menuid where 1=1 and a.enabled=1 and a.pid !=0 and b.userid=1 order by a.pid asc, a.orders asc  [ RunTime:0.000619s ]
SQL: select sum(a.sum) as balance from tp_customerform a where 1=1 and a.status =0 and a.userid=1 [ RunTime:0.000258s ]
SQL: SHOW COLUMNS FROM `tp_operlog` [ RunTime:0.010234s ]
NOTIC: [8] Undefined index:  country D:\AppServ\www\xxyh\home\Lib\Action\IndexAction.class.php 第 187 行.
NOTIC: [8] Undefined index:  city D:\AppServ\www\xxyh\home\Lib\Action\IndexAction.class.php 第 187 行.
SQL: INSERT INTO `tp_operlog` (`dtime`,`operip`,`operarea`,`opermethod`,`opernote`,`userid`) VALUES ('2015-02-03 23:37','127.0.0.1','-本地-','User/getAllTiXian','全部提现记录','1') [ RunTime:0.000511s ]
INFO: [ view_parse ] --START--
INFO: ParseTemplate Behavior ::run [ RunTime:0.020097s ]
INFO: [ view_parse ] --END-- [ RunTime:0.020304s ]
INFO: [ view_filter ] --START--
INFO: ContentReplace Behavior ::run [ RunTime:0.001019s ]
INFO: TokenBuild Behavior ::run [ RunTime:0.000972s ]
INFO: WriteHtmlCache Behavior ::run [ RunTime:0.000910s ]
INFO: ShowRuntime Behavior ::run [ RunTime:0.001108s ]
INFO: [ view_filter ] --END-- [ RunTime:0.004301s ]
INFO: [ view_end ] --START--
INFO: ShowPageTrace Behavior ::run [ RunTime:0.001309s ]
INFO: [ view_end ] --END-- [ RunTime:0.001410s ]

[ 2015-02-03 23:37:29 ] 127.0.0.1 /xxyh/index.php/alltixian
INFO: [ route_check ] --START--
INFO: CheckRoute Behavior ::run [ RunTime:0.001619s ]
INFO: [ route_check ] --END-- [ RunTime:0.001735s ]
INFO: [ app_begin ] --START--
INFO: ReadHtmlCache Behavior ::run [ RunTime:0.000596s ]
INFO: [ app_begin ] --END-- [ RunTime:0.000677s ]
SQL: SHOW COLUMNS FROM `tp_user` [ RunTime:0.004429s ]
SQL: SELECT * FROM `tp_user` WHERE ( id=1 ) LIMIT 1   [ RunTime:0.000321s ]
SQL: SHOW COLUMNS FROM `tp_menu` [ RunTime:0.004831s ]
SQL: select a.id,a.name,a.urls,a.cls,a.pid from tp_menu a left join tp_usermenu b on a.id = b.menuid where 1=1 and a.enabled=1 and a.pid=0 and b.userid=1 order by a.pid asc, a.orders asc  [ RunTime:0.000556s ]
SQL: select a.id,a.name,a.urls,a.cls,a.pid from tp_menu a left join tp_usermenu b on a.id = b.menuid where 1=1 and a.enabled=1 and a.pid !=0 and b.userid=1 order by a.pid asc, a.orders asc  [ RunTime:0.000460s ]
SQL: SHOW COLUMNS FROM `tp_customerform` [ RunTime:0.004083s ]
SQL: select sum(a.sum) as balance from tp_customerform a where 1=1 and a.status =0 and a.userid=1 [ RunTime:0.000280s ]
SQL: SHOW COLUMNS FROM `tp_tixian` [ RunTime:0.004115s ]
SQL: SELECT COUNT(*) AS tp_count FROM `tp_tixian` LIMIT 1   [ RunTime:0.000253s ]
SQL: select a.id,a.money,a.dtime,a.status,b.name,b.yeji from tp_tixian a left join tp_user b on a.userid = b.id  where 1=1  limit 0,9 [ RunTime:0.000241s ]
SQL: SELECT * FROM `tp_user` WHERE ( id=1 ) LIMIT 1   [ RunTime:0.000267s ]
SQL: select a.id,a.name,a.urls,a.cls,a.pid from tp_menu a left join tp_usermenu b on a.id = b.menuid where 1=1 and a.enabled=1 and a.pid=0 and b.userid=1 order by a.pid asc, a.orders asc  [ RunTime:0.000487s ]
SQL: select a.id,a.name,a.urls,a.cls,a.pid from tp_menu a left join tp_usermenu b on a.id = b.menuid where 1=1 and a.enabled=1 and a.pid !=0 and b.userid=1 order by a.pid asc, a.orders asc  [ RunTime:0.000494s ]
SQL: select sum(a.sum) as balance from tp_customerform a where 1=1 and a.status =0 and a.userid=1 [ RunTime:0.000205s ]
SQL: SHOW COLUMNS FROM `tp_operlog` [ RunTime:0.009446s ]
NOTIC: [8] Undefined index:  country D:\AppServ\www\xxyh\home\Lib\Action\IndexAction.class.php 第 187 行.
NOTIC: [8] Undefined index:  city D:\AppServ\www\xxyh\home\Lib\Action\IndexAction.class.php 第 187 行.
SQL: INSERT INTO `tp_operlog` (`dtime`,`operip`,`operarea`,`opermethod`,`opernote`,`userid`) VALUES ('2015-02-03 23:37','127.0.0.1','-本地-','User/getAllTiXian','全部提现记录','1') [ RunTime:0.000293s ]
INFO: [ view_parse ] --START--
INFO: ParseTemplate Behavior ::run [ RunTime:0.017462s ]
INFO: [ view_parse ] --END-- [ RunTime:0.017643s ]
INFO: [ view_filter ] --START--
INFO: ContentReplace Behavior ::run [ RunTime:0.000533s ]
INFO: TokenBuild Behavior ::run [ RunTime:0.000485s ]
INFO: WriteHtmlCache Behavior ::run [ RunTime:0.000315s ]
INFO: ShowRuntime Behavior ::run [ RunTime:0.000583s ]
INFO: [ view_filter ] --END-- [ RunTime:0.002180s ]
INFO: [ view_end ] --START--
INFO: ShowPageTrace Behavior ::run [ RunTime:0.000789s ]
INFO: [ view_end ] --END-- [ RunTime:0.000884s ]

[ 2015-02-03 23:37:31 ] 127.0.0.1 /xxyh/index.php/alltixian
INFO: [ route_check ] --START--
INFO: CheckRoute Behavior ::run [ RunTime:0.002271s ]
INFO: [ route_check ] --END-- [ RunTime:0.002411s ]
INFO: [ app_begin ] --START--
INFO: ReadHtmlCache Behavior ::run [ RunTime:0.001219s ]
INFO: [ app_begin ] --END-- [ RunTime:0.001312s ]
SQL: SHOW COLUMNS FROM `tp_user` [ RunTime:0.004229s ]
SQL: SELECT * FROM `tp_user` WHERE ( id=1 ) LIMIT 1   [ RunTime:0.000369s ]
SQL: SHOW COLUMNS FROM `tp_menu` [ RunTime:0.004892s ]
SQL: select a.id,a.name,a.urls,a.cls,a.pid from tp_menu a left join tp_usermenu b on a.id = b.menuid where 1=1 and a.enabled=1 and a.pid=0 and b.userid=1 order by a.pid asc, a.orders asc  [ RunTime:0.000524s ]
SQL: select a.id,a.name,a.urls,a.cls,a.pid from tp_menu a left join tp_usermenu b on a.id = b.menuid where 1=1 and a.enabled=1 and a.pid !=0 and b.userid=1 order by a.pid asc, a.orders asc  [ RunTime:0.000425s ]
SQL: SHOW COLUMNS FROM `tp_customerform` [ RunTime:0.004214s ]
SQL: select sum(a.sum) as balance from tp_customerform a where 1=1 and a.status =0 and a.userid=1 [ RunTime:0.000258s ]
SQL: SHOW COLUMNS FROM `tp_tixian` [ RunTime:0.004360s ]
SQL: SELECT COUNT(*) AS tp_count FROM `tp_tixian` LIMIT 1   [ RunTime:0.000244s ]
SQL: select a.id,a.money,a.dtime,a.status,b.name,b.yeji from tp_tixian a left join tp_user b on a.userid = b.id  where 1=1  limit 0,9 [ RunTime:0.000218s ]
SQL: SELECT * FROM `tp_user` WHERE ( id=1 ) LIMIT 1   [ RunTime:0.000236s ]
SQL: select a.id,a.name,a.urls,a.cls,a.pid from tp_menu a left join tp_usermenu b on a.id = b.menuid where 1=1 and a.enabled=1 and a.pid=0 and b.userid=1 order by a.pid asc, a.orders asc  [ RunTime:0.000466s ]
SQL: select a.id,a.name,a.urls,a.cls,a.pid from tp_menu a left join tp_usermenu b on a.id = b.menuid where 1=1 and a.enabled=1 and a.pid !=0 and b.userid=1 order by a.pid asc, a.orders asc  [ RunTime:0.000425s ]
SQL: select sum(a.sum) as balance from tp_customerform a where 1=1 and a.status =0 and a.userid=1 [ RunTime:0.000174s ]
SQL: SHOW COLUMNS FROM `tp_operlog` [ RunTime:0.010227s ]
NOTIC: [8] Undefined index:  country D:\AppServ\www\xxyh\home\Lib\Action\IndexAction.class.php 第 187 行.
NOTIC: [8] Undefined index:  city D:\AppServ\www\xxyh\home\Lib\Action\IndexAction.class.php 第 187 行.
SQL: INSERT INTO `tp_operlog` (`dtime`,`operip`,`operarea`,`opermethod`,`opernote`,`userid`) VALUES ('2015-02-03 23:37','127.0.0.1','-本地-','User/getAllTiXian','全部提现记录','1') [ RunTime:0.000531s ]
INFO: [ view_parse ] --START--
INFO: ParseTemplate Behavior ::run [ RunTime:0.034317s ]
INFO: [ view_parse ] --END-- [ RunTime:0.034567s ]
INFO: [ view_filter ] --START--
INFO: ContentReplace Behavior ::run [ RunTime:0.001688s ]
INFO: TokenBuild Behavior ::run [ RunTime:0.001657s ]
INFO: WriteHtmlCache Behavior ::run [ RunTime:0.001675s ]
INFO: ShowRuntime Behavior ::run [ RunTime:0.002344s ]
INFO: [ view_filter ] --END-- [ RunTime:0.008010s ]
INFO: [ view_end ] --START--
INFO: ShowPageTrace Behavior ::run [ RunTime:0.001858s ]
INFO: [ view_end ] --END-- [ RunTime:0.002002s ]

[ 2015-02-03 23:37:37 ] 127.0.0.1 /xxyh/index.php/userinfo
INFO: [ route_check ] --START--
INFO: CheckRoute Behavior ::run [ RunTime:0.000750s ]
INFO: [ route_check ] --END-- [ RunTime:0.000834s ]
INFO: [ app_begin ] --START--
INFO: ReadHtmlCache Behavior ::run [ RunTime:0.000405s ]
INFO: [ app_begin ] --END-- [ RunTime:0.000461s ]
SQL: SHOW COLUMNS FROM `tp_user` [ RunTime:0.004166s ]
SQL: SELECT * FROM `tp_user` WHERE ( id=1 ) LIMIT 1   [ RunTime:0.000314s ]
SQL: SHOW COLUMNS FROM `tp_menu` [ RunTime:0.004308s ]
SQL: select a.id,a.name,a.urls,a.cls,a.pid from tp_menu a left join tp_usermenu b on a.id = b.menuid where 1=1 and a.enabled=1 and a.pid=0 and b.userid=1 order by a.pid asc, a.orders asc  [ RunTime:0.000530s ]
SQL: select a.id,a.name,a.urls,a.cls,a.pid from tp_menu a left join tp_usermenu b on a.id = b.menuid where 1=1 and a.enabled=1 and a.pid !=0 and b.userid=1 order by a.pid asc, a.orders asc  [ RunTime:0.000429s ]
SQL: SHOW COLUMNS FROM `tp_customerform` [ RunTime:0.003934s ]
SQL: select sum(a.sum) as balance from tp_customerform a where 1=1 and a.status =0 and a.userid=1 [ RunTime:0.000244s ]
SQL: SELECT * FROM `tp_user` WHERE ( id=1 ) LIMIT 1   [ RunTime:0.000256s ]
SQL: select a.id,a.name,a.urls,a.cls,a.pid from tp_menu a left join tp_usermenu b on a.id = b.menuid where 1=1 and a.enabled=1 and a.pid=0 and b.userid=1 order by a.pid asc, a.orders asc  [ RunTime:0.000465s ]
SQL: select a.id,a.name,a.urls,a.cls,a.pid from tp_menu a left join tp_usermenu b on a.id = b.menuid where 1=1 and a.enabled=1 and a.pid !=0 and b.userid=1 order by a.pid asc, a.orders asc  [ RunTime:0.000419s ]
SQL: select sum(a.sum) as balance from tp_customerform a where 1=1 and a.status =0 and a.userid=1 [ RunTime:0.000175s ]
SQL: SHOW COLUMNS FROM `tp_operlog` [ RunTime:0.010241s ]
NOTIC: [8] Undefined index:  country D:\AppServ\www\xxyh\home\Lib\Action\IndexAction.class.php 第 187 行.
NOTIC: [8] Undefined index:  city D:\AppServ\www\xxyh\home\Lib\Action\IndexAction.class.php 第 187 行.
SQL: INSERT INTO `tp_operlog` (`dtime`,`operip`,`operarea`,`opermethod`,`opernote`,`userid`) VALUES ('2015-02-03 23:37','127.0.0.1','-本地-','User/getUserInfo','用户信息页面','1') [ RunTime:0.000444s ]
INFO: [ view_parse ] --START--
INFO: ParseTemplate Behavior ::run [ RunTime:0.026303s ]
INFO: [ view_parse ] --END-- [ RunTime:0.026460s ]
INFO: [ view_filter ] --START--
INFO: ContentReplace Behavior ::run [ RunTime:0.000288s ]
INFO: TokenBuild Behavior ::run [ RunTime:0.000298s ]
INFO: WriteHtmlCache Behavior ::run [ RunTime:0.000177s ]
INFO: ShowRuntime Behavior ::run [ RunTime:0.000370s ]
INFO: [ view_filter ] --END-- [ RunTime:0.001288s ]
INFO: [ view_end ] --START--
INFO: ShowPageTrace Behavior ::run [ RunTime:0.000458s ]
INFO: [ view_end ] --END-- [ RunTime:0.000524s ]

[ 2015-02-03 23:37:42 ] 127.0.0.1 /xxyh/index.php/alltixian
INFO: [ route_check ] --START--
INFO: CheckRoute Behavior ::run [ RunTime:0.001275s ]
INFO: [ route_check ] --END-- [ RunTime:0.001378s ]
INFO: [ app_begin ] --START--
INFO: ReadHtmlCache Behavior ::run [ RunTime:0.000493s ]
INFO: [ app_begin ] --END-- [ RunTime:0.000560s ]
SQL: SHOW COLUMNS FROM `tp_user` [ RunTime:0.004892s ]
SQL: SELECT * FROM `tp_user` WHERE ( id=1 ) LIMIT 1   [ RunTime:0.000308s ]
SQL: SHOW COLUMNS FROM `tp_menu` [ RunTime:0.003814s ]
SQL: select a.id,a.name,a.urls,a.cls,a.pid from tp_menu a left join tp_usermenu b on a.id = b.menuid where 1=1 and a.enabled=1 and a.pid=0 and b.userid=1 order by a.pid asc, a.orders asc  [ RunTime:0.000588s ]
SQL: select a.id,a.name,a.urls,a.cls,a.pid from tp_menu a left join tp_usermenu b on a.id = b.menuid where 1=1 and a.enabled=1 and a.pid !=0 and b.userid=1 order by a.pid asc, a.orders asc  [ RunTime:0.000448s ]
SQL: SHOW COLUMNS FROM `tp_customerform` [ RunTime:0.003837s ]
SQL: select sum(a.sum) as balance from tp_customerform a where 1=1 and a.status =0 and a.userid=1 [ RunTime:0.000256s ]
SQL: SHOW COLUMNS FROM `tp_tixian` [ RunTime:0.004149s ]
SQL: SELECT COUNT(*) AS tp_count FROM `tp_tixian` LIMIT 1   [ RunTime:0.000273s ]
SQL: select a.id,a.money,a.dtime,a.status,b.name,b.yeji from tp_tixian a left join tp_user b on a.userid = b.id  where 1=1  limit 0,9 [ RunTime:0.000206s ]
SQL: SELECT * FROM `tp_user` WHERE ( id=1 ) LIMIT 1   [ RunTime:0.000227s ]
SQL: select a.id,a.name,a.urls,a.cls,a.pid from tp_menu a left join tp_usermenu b on a.id = b.menuid where 1=1 and a.enabled=1 and a.pid=0 and b.userid=1 order by a.pid asc, a.orders asc  [ RunTime:0.000427s ]
SQL: select a.id,a.name,a.urls,a.cls,a.pid from tp_menu a left join tp_usermenu b on a.id = b.menuid where 1=1 and a.enabled=1 and a.pid !=0 and b.userid=1 order by a.pid asc, a.orders asc  [ RunTime:0.000413s ]
SQL: select sum(a.sum) as balance from tp_customerform a where 1=1 and a.status =0 and a.userid=1 [ RunTime:0.000172s ]
SQL: SHOW COLUMNS FROM `tp_operlog` [ RunTime:0.004981s ]
NOTIC: [8] Undefined index:  country D:\AppServ\www\xxyh\home\Lib\Action\IndexAction.class.php 第 187 行.
NOTIC: [8] Undefined index:  city D:\AppServ\www\xxyh\home\Lib\Action\IndexAction.class.php 第 187 行.
SQL: INSERT INTO `tp_operlog` (`dtime`,`operip`,`operarea`,`opermethod`,`opernote`,`userid`) VALUES ('2015-02-03 23:37','127.0.0.1','-本地-','User/getAllTiXian','全部提现记录','1') [ RunTime:0.000181s ]
INFO: [ view_parse ] --START--
INFO: ParseTemplate Behavior ::run [ RunTime:0.009936s ]
INFO: [ view_parse ] --END-- [ RunTime:0.010041s ]
INFO: [ view_filter ] --START--
INFO: ContentReplace Behavior ::run [ RunTime:0.000310s ]
INFO: TokenBuild Behavior ::run [ RunTime:0.000272s ]
INFO: WriteHtmlCache Behavior ::run [ RunTime:0.000174s ]
INFO: ShowRuntime Behavior ::run [ RunTime:0.000353s ]
INFO: [ view_filter ] --END-- [ RunTime:0.001263s ]
INFO: [ view_end ] --START--
INFO: ShowPageTrace Behavior ::run [ RunTime:0.000441s ]
INFO: [ view_end ] --END-- [ RunTime:0.000495s ]

[ 2015-02-03 23:37:44 ] 127.0.0.1 /xxyh/index.php/updatetixian?id=0&status=1
INFO: [ route_check ] --START--
INFO: CheckRoute Behavior ::run [ RunTime:0.001882s ]
INFO: [ route_check ] --END-- [ RunTime:0.002025s ]
INFO: [ app_begin ] --START--
INFO: ReadHtmlCache Behavior ::run [ RunTime:0.000831s ]
INFO: [ app_begin ] --END-- [ RunTime:0.000936s ]
SQL: SHOW COLUMNS FROM `tp_user` [ RunTime:0.007301s ]
SQL: SELECT * FROM `tp_user` WHERE ( id=1 ) LIMIT 1   [ RunTime:0.000756s ]
SQL: SHOW COLUMNS FROM `tp_menu` [ RunTime:0.005040s ]
SQL: select a.id,a.name,a.urls,a.cls,a.pid from tp_menu a left join tp_usermenu b on a.id = b.menuid where 1=1 and a.enabled=1 and a.pid=0 and b.userid=1 order by a.pid asc, a.orders asc  [ RunTime:0.000535s ]
SQL: select a.id,a.name,a.urls,a.cls,a.pid from tp_menu a left join tp_usermenu b on a.id = b.menuid where 1=1 and a.enabled=1 and a.pid !=0 and b.userid=1 order by a.pid asc, a.orders asc  [ RunTime:0.000410s ]
SQL: SHOW COLUMNS FROM `tp_customerform` [ RunTime:0.006042s ]
SQL: select sum(a.sum) as balance from tp_customerform a where 1=1 and a.status =0 and a.userid=1 [ RunTime:0.000359s ]
SQL: SHOW COLUMNS FROM `tp_tixian` [ RunTime:0.005734s ]
SQL: SELECT * FROM `tp_tixian` WHERE ( id=0 ) LIMIT 1   [ RunTime:0.000294s ]
SQL: UPDATE `tp_tixian` SET `status`=1 WHERE ( id=0 ) [ RunTime:0.000262s ]
SQL: SELECT * FROM `tp_user` WHERE ( id=1 ) LIMIT 1   [ RunTime:0.000222s ]
SQL: UPDATE `tp_user` SET `xiaofei`=200,`ticheng`=110 WHERE ( id=1 ) [ RunTime:0.000175s ]
SQL: SELECT * FROM `tp_user` WHERE ( id=1 ) LIMIT 1   [ RunTime:0.000337s ]
SQL: select a.id,a.name,a.urls,a.cls,a.pid from tp_menu a left join tp_usermenu b on a.id = b.menuid where 1=1 and a.enabled=1 and a.pid=0 and b.userid=1 order by a.pid asc, a.orders asc  [ RunTime:0.000577s ]
SQL: select a.id,a.name,a.urls,a.cls,a.pid from tp_menu a left join tp_usermenu b on a.id = b.menuid where 1=1 and a.enabled=1 and a.pid !=0 and b.userid=1 order by a.pid asc, a.orders asc  [ RunTime:0.000564s ]
SQL: select sum(a.sum) as balance from tp_customerform a where 1=1 and a.status =0 and a.userid=1 [ RunTime:0.000207s ]
SQL: SHOW COLUMNS FROM `tp_operlog` [ RunTime:0.003969s ]
NOTIC: [8] Undefined index:  country D:\AppServ\www\xxyh\home\Lib\Action\IndexAction.class.php 第 187 行.
NOTIC: [8] Undefined index:  city D:\AppServ\www\xxyh\home\Lib\Action\IndexAction.class.php 第 187 行.
SQL: INSERT INTO `tp_operlog` (`dtime`,`operip`,`operarea`,`opermethod`,`opernote`,`userid`) VALUES ('2015-02-03 23:37','127.0.0.1','-本地-','User/UpdateTiXian','审核用户提现','1') [ RunTime:0.000186s ]

[ 2015-02-03 23:37:45 ] 127.0.0.1 /xxyh/index.php/alltixian
INFO: [ route_check ] --START--
INFO: CheckRoute Behavior ::run [ RunTime:0.001624s ]
INFO: [ route_check ] --END-- [ RunTime:0.001798s ]
INFO: [ app_begin ] --START--
INFO: ReadHtmlCache Behavior ::run [ RunTime:0.000745s ]
INFO: [ app_begin ] --END-- [ RunTime:0.000846s ]
SQL: SHOW COLUMNS FROM `tp_user` [ RunTime:0.005085s ]
SQL: SELECT * FROM `tp_user` WHERE ( id=1 ) LIMIT 1   [ RunTime:0.000516s ]
SQL: SHOW COLUMNS FROM `tp_menu` [ RunTime:0.006182s ]
SQL: select a.id,a.name,a.urls,a.cls,a.pid from tp_menu a left join tp_usermenu b on a.id = b.menuid where 1=1 and a.enabled=1 and a.pid=0 and b.userid=1 order by a.pid asc, a.orders asc  [ RunTime:0.000925s ]
SQL: select a.id,a.name,a.urls,a.cls,a.pid from tp_menu a left join tp_usermenu b on a.id = b.menuid where 1=1 and a.enabled=1 and a.pid !=0 and b.userid=1 order by a.pid asc, a.orders asc  [ RunTime:0.000459s ]
SQL: SHOW COLUMNS FROM `tp_customerform` [ RunTime:0.004337s ]
SQL: select sum(a.sum) as balance from tp_customerform a where 1=1 and a.status =0 and a.userid=1 [ RunTime:0.000326s ]
SQL: SHOW COLUMNS FROM `tp_tixian` [ RunTime:0.006004s ]
SQL: SELECT COUNT(*) AS tp_count FROM `tp_tixian` LIMIT 1   [ RunTime:0.000437s ]
SQL: select a.id,a.money,a.dtime,a.status,b.name,b.yeji from tp_tixian a left join tp_user b on a.userid = b.id  where 1=1  limit 0,9 [ RunTime:0.000230s ]
SQL: SELECT * FROM `tp_user` WHERE ( id=1 ) LIMIT 1   [ RunTime:0.000402s ]
SQL: select a.id,a.name,a.urls,a.cls,a.pid from tp_menu a left join tp_usermenu b on a.id = b.menuid where 1=1 and a.enabled=1 and a.pid=0 and b.userid=1 order by a.pid asc, a.orders asc  [ RunTime:0.000841s ]
SQL: select a.id,a.name,a.urls,a.cls,a.pid from tp_menu a left join tp_usermenu b on a.id = b.menuid where 1=1 and a.enabled=1 and a.pid !=0 and b.userid=1 order by a.pid asc, a.orders asc  [ RunTime:0.001008s ]
SQL: select sum(a.sum) as balance from tp_customerform a where 1=1 and a.status =0 and a.userid=1 [ RunTime:0.000214s ]
SQL: SHOW COLUMNS FROM `tp_operlog` [ RunTime:0.004610s ]
NOTIC: [8] Undefined index:  country D:\AppServ\www\xxyh\home\Lib\Action\IndexAction.class.php 第 187 行.
NOTIC: [8] Undefined index:  city D:\AppServ\www\xxyh\home\Lib\Action\IndexAction.class.php 第 187 行.
SQL: INSERT INTO `tp_operlog` (`dtime`,`operip`,`operarea`,`opermethod`,`opernote`,`userid`) VALUES ('2015-02-03 23:37','127.0.0.1','-本地-','User/getAllTiXian','全部提现记录','1') [ RunTime:0.000195s ]
INFO: [ view_parse ] --START--
INFO: ParseTemplate Behavior ::run [ RunTime:0.013443s ]
INFO: [ view_parse ] --END-- [ RunTime:0.013578s ]
INFO: [ view_filter ] --START--
INFO: ContentReplace Behavior ::run [ RunTime:0.000300s ]
INFO: TokenBuild Behavior ::run [ RunTime:0.000289s ]
INFO: WriteHtmlCache Behavior ::run [ RunTime:0.000200s ]
INFO: ShowRuntime Behavior ::run [ RunTime:0.000351s ]
INFO: [ view_filter ] --END-- [ RunTime:0.001299s ]
INFO: [ view_end ] --START--
INFO: ShowPageTrace Behavior ::run [ RunTime:0.000482s ]
INFO: [ view_end ] --END-- [ RunTime:0.000543s ]

[ 2015-02-03 23:37:53 ] 127.0.0.1 /xxyh/index.php/index
INFO: [ route_check ] --START--
INFO: CheckRoute Behavior ::run [ RunTime:0.000942s ]
INFO: [ route_check ] --END-- [ RunTime:0.001052s ]
INFO: [ app_begin ] --START--
INFO: ReadHtmlCache Behavior ::run [ RunTime:0.000635s ]
INFO: [ app_begin ] --END-- [ RunTime:0.000712s ]
SQL: SHOW COLUMNS FROM `tp_user` [ RunTime:0.005218s ]
SQL: SELECT * FROM `tp_user` WHERE ( id=1 ) LIMIT 1   [ RunTime:0.000398s ]
SQL: SHOW COLUMNS FROM `tp_menu` [ RunTime:0.004898s ]
SQL: select a.id,a.name,a.urls,a.cls,a.pid from tp_menu a left join tp_usermenu b on a.id = b.menuid where 1=1 and a.enabled=1 and a.pid=0 and b.userid=1 order by a.pid asc, a.orders asc  [ RunTime:0.000537s ]
SQL: select a.id,a.name,a.urls,a.cls,a.pid from tp_menu a left join tp_usermenu b on a.id = b.menuid where 1=1 and a.enabled=1 and a.pid !=0 and b.userid=1 order by a.pid asc, a.orders asc  [ RunTime:0.000445s ]
SQL: SHOW COLUMNS FROM `tp_customerform` [ RunTime:0.003772s ]
SQL: select sum(a.sum) as balance from tp_customerform a where 1=1 and a.status =0 and a.userid=1 [ RunTime:0.000251s ]
SQL: SHOW COLUMNS FROM `tp_operlog` [ RunTime:0.012770s ]
NOTIC: [8] Undefined index:  country D:\AppServ\www\xxyh\home\Lib\Action\IndexAction.class.php 第 187 行.
NOTIC: [8] Undefined index:  city D:\AppServ\www\xxyh\home\Lib\Action\IndexAction.class.php 第 187 行.
SQL: INSERT INTO `tp_operlog` (`dtime`,`operip`,`operarea`,`opermethod`,`opernote`,`userid`) VALUES ('2015-02-03 23:37','127.0.0.1','-本地-','Index/index','访问首页','1') [ RunTime:0.000508s ]
INFO: [ view_parse ] --START--
INFO: ParseTemplate Behavior ::run [ RunTime:0.023372s ]
INFO: [ view_parse ] --END-- [ RunTime:0.023534s ]
INFO: [ view_filter ] --START--
INFO: ContentReplace Behavior ::run [ RunTime:0.000561s ]
INFO: TokenBuild Behavior ::run [ RunTime:0.000440s ]
INFO: WriteHtmlCache Behavior ::run [ RunTime:0.000279s ]
INFO: ShowRuntime Behavior ::run [ RunTime:0.000576s ]
INFO: [ view_filter ] --END-- [ RunTime:0.002099s ]
INFO: [ view_end ] --START--
INFO: ShowPageTrace Behavior ::run [ RunTime:0.000775s ]
INFO: [ view_end ] --END-- [ RunTime:0.000875s ]

[ 2015-02-03 23:37:53 ] 127.0.0.1 /xxyh/index.php/main
INFO: [ route_check ] --START--
INFO: CheckRoute Behavior ::run [ RunTime:0.001304s ]
INFO: [ route_check ] --END-- [ RunTime:0.001483s ]
INFO: [ app_begin ] --START--
INFO: ReadHtmlCache Behavior ::run [ RunTime:0.000742s ]
INFO: [ app_begin ] --END-- [ RunTime:0.000847s ]
SQL: SHOW COLUMNS FROM `tp_user` [ RunTime:0.007592s ]
SQL: SELECT * FROM `tp_user` WHERE ( id=1 ) LIMIT 1   [ RunTime:0.000358s ]
SQL: SHOW COLUMNS FROM `tp_menu` [ RunTime:0.005626s ]
SQL: select a.id,a.name,a.urls,a.cls,a.pid from tp_menu a left join tp_usermenu b on a.id = b.menuid where 1=1 and a.enabled=1 and a.pid=0 and b.userid=1 order by a.pid asc, a.orders asc  [ RunTime:0.001108s ]
SQL: select a.id,a.name,a.urls,a.cls,a.pid from tp_menu a left join tp_usermenu b on a.id = b.menuid where 1=1 and a.enabled=1 and a.pid !=0 and b.userid=1 order by a.pid asc, a.orders asc  [ RunTime:0.000666s ]
SQL: SHOW COLUMNS FROM `tp_customerform` [ RunTime:0.005384s ]
SQL: select sum(a.sum) as balance from tp_customerform a where 1=1 and a.status =0 and a.userid=1 [ RunTime:0.000264s ]
NOTIC: [8] Undefined index:  country D:\AppServ\www\xxyh\home\Lib\Action\IndexAction.class.php 第 30 行.
NOTIC: [8] Undefined index:  city D:\AppServ\www\xxyh\home\Lib\Action\IndexAction.class.php 第 32 行.
SQL: SHOW COLUMNS FROM `tp_operlog` [ RunTime:0.004430s ]
NOTIC: [8] Undefined index:  country D:\AppServ\www\xxyh\home\Lib\Action\IndexAction.class.php 第 187 行.
NOTIC: [8] Undefined index:  city D:\AppServ\www\xxyh\home\Lib\Action\IndexAction.class.php 第 187 行.
SQL: INSERT INTO `tp_operlog` (`dtime`,`operip`,`operarea`,`opermethod`,`opernote`,`userid`) VALUES ('2015-02-03 23:37','127.0.0.1','-本地-','Index/main','访问主页','1') [ RunTime:0.000265s ]
INFO: [ view_parse ] --START--
INFO: ParseTemplate Behavior ::run [ RunTime:0.008302s ]
INFO: [ view_parse ] --END-- [ RunTime:0.008531s ]
INFO: [ view_filter ] --START--
INFO: ContentReplace Behavior ::run [ RunTime:0.000384s ]
INFO: TokenBuild Behavior ::run [ RunTime:0.000315s ]
INFO: WriteHtmlCache Behavior ::run [ RunTime:0.000219s ]
INFO: ShowRuntime Behavior ::run [ RunTime:0.000421s ]
INFO: [ view_filter ] --END-- [ RunTime:0.001511s ]
INFO: [ view_end ] --START--
INFO: ShowPageTrace Behavior ::run [ RunTime:0.000502s ]
INFO: [ view_end ] --END-- [ RunTime:0.000565s ]

[ 2015-02-03 23:37:57 ] 127.0.0.1 /xxyh/index.php/userinfo
INFO: [ route_check ] --START--
INFO: CheckRoute Behavior ::run [ RunTime:0.000853s ]
INFO: [ route_check ] --END-- [ RunTime:0.000994s ]
INFO: [ app_begin ] --START--
INFO: ReadHtmlCache Behavior ::run [ RunTime:0.000486s ]
INFO: [ app_begin ] --END-- [ RunTime:0.000561s ]
SQL: SHOW COLUMNS FROM `tp_user` [ RunTime:0.004389s ]
SQL: SELECT * FROM `tp_user` WHERE ( id=1 ) LIMIT 1   [ RunTime:0.000304s ]
SQL: SHOW COLUMNS FROM `tp_menu` [ RunTime:0.003872s ]
SQL: select a.id,a.name,a.urls,a.cls,a.pid from tp_menu a left join tp_usermenu b on a.id = b.menuid where 1=1 and a.enabled=1 and a.pid=0 and b.userid=1 order by a.pid asc, a.orders asc  [ RunTime:0.000496s ]
SQL: select a.id,a.name,a.urls,a.cls,a.pid from tp_menu a left join tp_usermenu b on a.id = b.menuid where 1=1 and a.enabled=1 and a.pid !=0 and b.userid=1 order by a.pid asc, a.orders asc  [ RunTime:0.000428s ]
SQL: SHOW COLUMNS FROM `tp_customerform` [ RunTime:0.004797s ]
SQL: select sum(a.sum) as balance from tp_customerform a where 1=1 and a.status =0 and a.userid=1 [ RunTime:0.000286s ]
SQL: SELECT * FROM `tp_user` WHERE ( id=1 ) LIMIT 1   [ RunTime:0.000259s ]
SQL: select a.id,a.name,a.urls,a.cls,a.pid from tp_menu a left join tp_usermenu b on a.id = b.menuid where 1=1 and a.enabled=1 and a.pid=0 and b.userid=1 order by a.pid asc, a.orders asc  [ RunTime:0.000481s ]
SQL: select a.id,a.name,a.urls,a.cls,a.pid from tp_menu a left join tp_usermenu b on a.id = b.menuid where 1=1 and a.enabled=1 and a.pid !=0 and b.userid=1 order by a.pid asc, a.orders asc  [ RunTime:0.000440s ]
SQL: select sum(a.sum) as balance from tp_customerform a where 1=1 and a.status =0 and a.userid=1 [ RunTime:0.000174s ]
SQL: SHOW COLUMNS FROM `tp_operlog` [ RunTime:0.004129s ]
NOTIC: [8] Undefined index:  country D:\AppServ\www\xxyh\home\Lib\Action\IndexAction.class.php 第 187 行.
NOTIC: [8] Undefined index:  city D:\AppServ\www\xxyh\home\Lib\Action\IndexAction.class.php 第 187 行.
SQL: INSERT INTO `tp_operlog` (`dtime`,`operip`,`operarea`,`opermethod`,`opernote`,`userid`) VALUES ('2015-02-03 23:37','127.0.0.1','-本地-','User/getUserInfo','用户信息页面','1') [ RunTime:0.000298s ]
INFO: [ view_parse ] --START--
INFO: ParseTemplate Behavior ::run [ RunTime:0.010995s ]
INFO: [ view_parse ] --END-- [ RunTime:0.011118s ]
INFO: [ view_filter ] --START--
INFO: ContentReplace Behavior ::run [ RunTime:0.000305s ]
INFO: TokenBuild Behavior ::run [ RunTime:0.000294s ]
INFO: WriteHtmlCache Behavior ::run [ RunTime:0.000219s ]
INFO: ShowRuntime Behavior ::run [ RunTime:0.000359s ]
INFO: [ view_filter ] --END-- [ RunTime:0.001341s ]
INFO: [ view_end ] --START--
INFO: ShowPageTrace Behavior ::run [ RunTime:0.000546s ]
INFO: [ view_end ] --END-- [ RunTime:0.000625s ]

[ 2015-02-03 23:42:57 ] 127.0.0.1 /xxyh/index.php/menumanager
INFO: [ route_check ] --START--
INFO: CheckRoute Behavior ::run [ RunTime:0.002152s ]
INFO: [ route_check ] --END-- [ RunTime:0.002359s ]
INFO: [ app_begin ] --START--
INFO: ReadHtmlCache Behavior ::run [ RunTime:0.001300s ]
INFO: [ app_begin ] --END-- [ RunTime:0.001416s ]
SQL: SHOW COLUMNS FROM `tp_user` [ RunTime:0.004738s ]
SQL: SELECT * FROM `tp_user` WHERE ( id=1 ) LIMIT 1   [ RunTime:0.000450s ]
SQL: SHOW COLUMNS FROM `tp_menu` [ RunTime:0.004014s ]
SQL: select a.id,a.name,a.urls,a.cls,a.pid from tp_menu a left join tp_usermenu b on a.id = b.menuid where 1=1 and a.enabled=1 and a.pid=0 and b.userid=1 order by a.pid asc, a.orders asc  [ RunTime:0.000591s ]
SQL: select a.id,a.name,a.urls,a.cls,a.pid from tp_menu a left join tp_usermenu b on a.id = b.menuid where 1=1 and a.enabled=1 and a.pid !=0 and b.userid=1 order by a.pid asc, a.orders asc  [ RunTime:0.000457s ]
SQL: SHOW COLUMNS FROM `tp_customerform` [ RunTime:0.004005s ]
SQL: select sum(a.sum) as balance from tp_customerform a where 1=1 and a.status =0 and a.userid=1 [ RunTime:0.000276s ]
SQL: SELECT COUNT(*) AS tp_count FROM `tp_menu` LIMIT 1   [ RunTime:0.000184s ]
SQL: select a.id,a.dtime,a.name,a.pid,a.urls,a.enabled,a.orders,a.cls from tp_menu a where 1=1    order by a.pid asc, a.orders asc  limit 0,9 [ RunTime:0.000269s ]
SQL: SELECT * FROM `tp_user` WHERE ( id=1 ) LIMIT 1   [ RunTime:0.000245s ]
SQL: select a.id,a.name,a.urls,a.cls,a.pid from tp_menu a left join tp_usermenu b on a.id = b.menuid where 1=1 and a.enabled=1 and a.pid=0 and b.userid=1 order by a.pid asc, a.orders asc  [ RunTime:0.000455s ]
SQL: select a.id,a.name,a.urls,a.cls,a.pid from tp_menu a left join tp_usermenu b on a.id = b.menuid where 1=1 and a.enabled=1 and a.pid !=0 and b.userid=1 order by a.pid asc, a.orders asc  [ RunTime:0.000412s ]
SQL: select sum(a.sum) as balance from tp_customerform a where 1=1 and a.status =0 and a.userid=1 [ RunTime:0.000172s ]
SQL: SHOW COLUMNS FROM `tp_operlog` [ RunTime:0.010212s ]
NOTIC: [8] Undefined index:  country D:\AppServ\www\xxyh\home\Lib\Action\IndexAction.class.php 第 187 行.
NOTIC: [8] Undefined index:  city D:\AppServ\www\xxyh\home\Lib\Action\IndexAction.class.php 第 187 行.
SQL: INSERT INTO `tp_operlog` (`dtime`,`operip`,`operarea`,`opermethod`,`opernote`,`userid`) VALUES ('2015-02-03 23:42','127.0.0.1','-本地-','User/getAllMenuList','全部导航信息','1') [ RunTime:0.000514s ]
INFO: [ view_parse ] --START--
INFO: ParseTemplate Behavior ::run [ RunTime:0.017524s ]
INFO: [ view_parse ] --END-- [ RunTime:0.017720s ]
INFO: [ view_filter ] --START--
INFO: ContentReplace Behavior ::run [ RunTime:0.000847s ]
INFO: TokenBuild Behavior ::run [ RunTime:0.000800s ]
INFO: WriteHtmlCache Behavior ::run [ RunTime:0.000653s ]
INFO: ShowRuntime Behavior ::run [ RunTime:0.000881s ]
INFO: [ view_filter ] --END-- [ RunTime:0.003407s ]
INFO: [ view_end ] --START--
INFO: ShowPageTrace Behavior ::run [ RunTime:0.001145s ]
INFO: [ view_end ] --END-- [ RunTime:0.001241s ]

[ 2015-02-03 23:42:58 ] 127.0.0.1 /xxyh/index.php/goaddmenu
INFO: [ route_check ] --START--
INFO: CheckRoute Behavior ::run [ RunTime:0.001628s ]
INFO: [ route_check ] --END-- [ RunTime:0.001758s ]
INFO: [ app_begin ] --START--
INFO: ReadHtmlCache Behavior ::run [ RunTime:0.000757s ]
INFO: [ app_begin ] --END-- [ RunTime:0.000839s ]
SQL: SHOW COLUMNS FROM `tp_user` [ RunTime:0.006189s ]
SQL: SELECT * FROM `tp_user` WHERE ( id=1 ) LIMIT 1   [ RunTime:0.000549s ]
SQL: SHOW COLUMNS FROM `tp_menu` [ RunTime:0.005872s ]
SQL: select a.id,a.name,a.urls,a.cls,a.pid from tp_menu a left join tp_usermenu b on a.id = b.menuid where 1=1 and a.enabled=1 and a.pid=0 and b.userid=1 order by a.pid asc, a.orders asc  [ RunTime:0.000908s ]
SQL: select a.id,a.name,a.urls,a.cls,a.pid from tp_menu a left join tp_usermenu b on a.id = b.menuid where 1=1 and a.enabled=1 and a.pid !=0 and b.userid=1 order by a.pid asc, a.orders asc  [ RunTime:0.000680s ]
SQL: SHOW COLUMNS FROM `tp_customerform` [ RunTime:0.004067s ]
SQL: select sum(a.sum) as balance from tp_customerform a where 1=1 and a.status =0 and a.userid=1 [ RunTime:0.000571s ]
NOTIC: [8] Undefined index:  id D:\AppServ\www\xxyh\home\Lib\Action\UserAction.class.php 第 1434 行.
SQL: SELECT * FROM `tp_menu` WHERE ( id=%d ) LIMIT 1   [ RunTime:0.000141s ]
ERR: 1064:You have an error in your SQL syntax; check the manual that corresponds to your MySQL server version for the right syntax to use near '%d ) LIMIT 1' at line 1
 [ SQL语句 ] : SELECT * FROM `tp_menu` WHERE ( id=%d ) LIMIT 1  
SQL: SELECT * FROM `tp_menu` WHERE ( pid=0 )  [ RunTime:0.000244s ]
INFO: [ view_parse ] --START--
INFO: ParseTemplate Behavior ::run [ RunTime:0.027881s ]
INFO: [ view_parse ] --END-- [ RunTime:0.028019s ]
INFO: [ view_filter ] --START--
INFO: ContentReplace Behavior ::run [ RunTime:0.000306s ]
INFO: TokenBuild Behavior ::run [ RunTime:0.000299s ]
INFO: WriteHtmlCache Behavior ::run [ RunTime:0.000191s ]
INFO: ShowRuntime Behavior ::run [ RunTime:0.000352s ]
INFO: [ view_filter ] --END-- [ RunTime:0.001297s ]
INFO: [ view_end ] --START--
INFO: ShowPageTrace Behavior ::run [ RunTime:0.000491s ]
INFO: [ view_end ] --END-- [ RunTime:0.000552s ]

[ 2015-02-03 23:43:22 ] 127.0.0.1 /xxyh/index.php/addmenu
INFO: [ route_check ] --START--
INFO: CheckRoute Behavior ::run [ RunTime:0.001452s ]
INFO: [ route_check ] --END-- [ RunTime:0.001545s ]
INFO: [ app_begin ] --START--
INFO: ReadHtmlCache Behavior ::run [ RunTime:0.000767s ]
INFO: [ app_begin ] --END-- [ RunTime:0.000839s ]
SQL: SHOW COLUMNS FROM `tp_user` [ RunTime:0.004507s ]
SQL: SELECT * FROM `tp_user` WHERE ( id=1 ) LIMIT 1   [ RunTime:0.000351s ]
SQL: SHOW COLUMNS FROM `tp_menu` [ RunTime:0.003958s ]
SQL: select a.id,a.name,a.urls,a.cls,a.pid from tp_menu a left join tp_usermenu b on a.id = b.menuid where 1=1 and a.enabled=1 and a.pid=0 and b.userid=1 order by a.pid asc, a.orders asc  [ RunTime:0.000649s ]
SQL: select a.id,a.name,a.urls,a.cls,a.pid from tp_menu a left join tp_usermenu b on a.id = b.menuid where 1=1 and a.enabled=1 and a.pid !=0 and b.userid=1 order by a.pid asc, a.orders asc  [ RunTime:0.000531s ]
SQL: SHOW COLUMNS FROM `tp_customerform` [ RunTime:0.003879s ]
SQL: select sum(a.sum) as balance from tp_customerform a where 1=1 and a.status =0 and a.userid=1 [ RunTime:0.000241s ]
SQL: INSERT INTO `tp_menu` (`name`,`pid`,`urls`,`cls`,`orders`,`enabled`) VALUES ('我的提现记录','4','__ROOT__/index.php/mytixian','',2,1) [ RunTime:0.000186s ]
SQL: SELECT COUNT(*) AS tp_count FROM `tp_menu` LIMIT 1   [ RunTime:0.000192s ]
SQL: select a.id,a.dtime,a.name,a.pid,a.urls,a.enabled,a.orders,a.cls from tp_menu a where 1=1    order by a.pid asc, a.orders asc  limit 0,9 [ RunTime:0.000283s ]
SQL: SELECT * FROM `tp_user` WHERE ( id=1 ) LIMIT 1   [ RunTime:0.000327s ]
SQL: select a.id,a.name,a.urls,a.cls,a.pid from tp_menu a left join tp_usermenu b on a.id = b.menuid where 1=1 and a.enabled=1 and a.pid=0 and b.userid=1 order by a.pid asc, a.orders asc  [ RunTime:0.000480s ]
SQL: select a.id,a.name,a.urls,a.cls,a.pid from tp_menu a left join tp_usermenu b on a.id = b.menuid where 1=1 and a.enabled=1 and a.pid !=0 and b.userid=1 order by a.pid asc, a.orders asc  [ RunTime:0.000417s ]
SQL: select sum(a.sum) as balance from tp_customerform a where 1=1 and a.status =0 and a.userid=1 [ RunTime:0.000175s ]
SQL: SHOW COLUMNS FROM `tp_operlog` [ RunTime:0.009722s ]
NOTIC: [8] Undefined index:  country D:\AppServ\www\xxyh\home\Lib\Action\IndexAction.class.php 第 187 行.
NOTIC: [8] Undefined index:  city D:\AppServ\www\xxyh\home\Lib\Action\IndexAction.class.php 第 187 行.
SQL: INSERT INTO `tp_operlog` (`dtime`,`operip`,`operarea`,`opermethod`,`opernote`,`userid`) VALUES ('2015-02-03 23:43','127.0.0.1','-本地-','User/getAllMenuList','全部导航信息','1') [ RunTime:0.000393s ]
INFO: [ view_parse ] --START--
INFO: ParseTemplate Behavior ::run [ RunTime:0.019444s ]
INFO: [ view_parse ] --END-- [ RunTime:0.019614s ]
INFO: [ view_filter ] --START--
INFO: ContentReplace Behavior ::run [ RunTime:0.000735s ]
INFO: TokenBuild Behavior ::run [ RunTime:0.000702s ]
INFO: WriteHtmlCache Behavior ::run [ RunTime:0.000575s ]
INFO: ShowRuntime Behavior ::run [ RunTime:0.000777s ]
INFO: [ view_filter ] --END-- [ RunTime:0.002991s ]
INFO: [ view_end ] --START--
INFO: ShowPageTrace Behavior ::run [ RunTime:0.000947s ]
INFO: [ view_end ] --END-- [ RunTime:0.001020s ]

[ 2015-02-03 23:43:24 ] 127.0.0.1 /xxyh/index.php/usermanager
INFO: [ route_check ] --START--
INFO: CheckRoute Behavior ::run [ RunTime:0.000940s ]
INFO: [ route_check ] --END-- [ RunTime:0.001056s ]
INFO: [ app_begin ] --START--
INFO: ReadHtmlCache Behavior ::run [ RunTime:0.000471s ]
INFO: [ app_begin ] --END-- [ RunTime:0.000538s ]
SQL: SHOW COLUMNS FROM `tp_user` [ RunTime:0.004332s ]
SQL: SELECT * FROM `tp_user` WHERE ( id=1 ) LIMIT 1   [ RunTime:0.000310s ]
SQL: SHOW COLUMNS FROM `tp_menu` [ RunTime:0.003783s ]
SQL: select a.id,a.name,a.urls,a.cls,a.pid from tp_menu a left join tp_usermenu b on a.id = b.menuid where 1=1 and a.enabled=1 and a.pid=0 and b.userid=1 order by a.pid asc, a.orders asc  [ RunTime:0.000508s ]
SQL: select a.id,a.name,a.urls,a.cls,a.pid from tp_menu a left join tp_usermenu b on a.id = b.menuid where 1=1 and a.enabled=1 and a.pid !=0 and b.userid=1 order by a.pid asc, a.orders asc  [ RunTime:0.000632s ]
SQL: SHOW COLUMNS FROM `tp_customerform` [ RunTime:0.004156s ]
SQL: select sum(a.sum) as balance from tp_customerform a where 1=1 and a.status =0 and a.userid=1 [ RunTime:0.000325s ]
SQL: SELECT COUNT(*) AS tp_count FROM `tp_user` LIMIT 1   [ RunTime:0.000161s ]
SQL: select a.id,a.name,a.loginname,a.dtime,a.enabled,a.orders,a.xiaofei,a.ticheng,a.yeji,b.name as rolename,b.id as roleid from tp_user a left join tp_role b on b.id = a.roleid  where 1=1   [ RunTime:0.000327s ]
SQL: SELECT * FROM `tp_user` WHERE ( id=1 ) LIMIT 1   [ RunTime:0.000320s ]
SQL: select a.id,a.name,a.urls,a.cls,a.pid from tp_menu a left join tp_usermenu b on a.id = b.menuid where 1=1 and a.enabled=1 and a.pid=0 and b.userid=1 order by a.pid asc, a.orders asc  [ RunTime:0.000540s ]
SQL: select a.id,a.name,a.urls,a.cls,a.pid from tp_menu a left join tp_usermenu b on a.id = b.menuid where 1=1 and a.enabled=1 and a.pid !=0 and b.userid=1 order by a.pid asc, a.orders asc  [ RunTime:0.000553s ]
SQL: select sum(a.sum) as balance from tp_customerform a where 1=1 and a.status =0 and a.userid=1 [ RunTime:0.000202s ]
SQL: SHOW COLUMNS FROM `tp_operlog` [ RunTime:0.010265s ]
NOTIC: [8] Undefined index:  country D:\AppServ\www\xxyh\home\Lib\Action\IndexAction.class.php 第 187 行.
NOTIC: [8] Undefined index:  city D:\AppServ\www\xxyh\home\Lib\Action\IndexAction.class.php 第 187 行.
SQL: INSERT INTO `tp_operlog` (`dtime`,`operip`,`operarea`,`opermethod`,`opernote`,`userid`) VALUES ('2015-02-03 23:43','127.0.0.1','-本地-','User/userManager','用户信息管理','1') [ RunTime:0.000698s ]
INFO: [ view_parse ] --START--
INFO: ParseTemplate Behavior ::run [ RunTime:0.018605s ]
INFO: [ view_parse ] --END-- [ RunTime:0.018778s ]
INFO: [ view_filter ] --START--
INFO: ContentReplace Behavior ::run [ RunTime:0.000414s ]
INFO: TokenBuild Behavior ::run [ RunTime:0.000368s ]
INFO: WriteHtmlCache Behavior ::run [ RunTime:0.000237s ]
INFO: ShowRuntime Behavior ::run [ RunTime:0.000453s ]
INFO: [ view_filter ] --END-- [ RunTime:0.001668s ]
INFO: [ view_end ] --START--
INFO: ShowPageTrace Behavior ::run [ RunTime:0.000596s ]
INFO: [ view_end ] --END-- [ RunTime:0.000670s ]

[ 2015-02-03 23:43:27 ] 127.0.0.1 /xxyh/index.php/menutree
INFO: [ route_check ] --START--
INFO: CheckRoute Behavior ::run [ RunTime:0.002345s ]
INFO: [ route_check ] --END-- [ RunTime:0.002600s ]
INFO: [ app_begin ] --START--
INFO: ReadHtmlCache Behavior ::run [ RunTime:0.000866s ]
INFO: [ app_begin ] --END-- [ RunTime:0.001763s ]
SQL: SHOW COLUMNS FROM `tp_user` [ RunTime:0.004740s ]
SQL: SELECT * FROM `tp_user` WHERE ( id=1 ) LIMIT 1   [ RunTime:0.000328s ]
SQL: SHOW COLUMNS FROM `tp_menu` [ RunTime:0.005513s ]
SQL: select a.id,a.name,a.urls,a.cls,a.pid from tp_menu a left join tp_usermenu b on a.id = b.menuid where 1=1 and a.enabled=1 and a.pid=0 and b.userid=1 order by a.pid asc, a.orders asc  [ RunTime:0.000932s ]
SQL: select a.id,a.name,a.urls,a.cls,a.pid from tp_menu a left join tp_usermenu b on a.id = b.menuid where 1=1 and a.enabled=1 and a.pid !=0 and b.userid=1 order by a.pid asc, a.orders asc  [ RunTime:0.000905s ]
SQL: SHOW COLUMNS FROM `tp_customerform` [ RunTime:0.005776s ]
SQL: select sum(a.sum) as balance from tp_customerform a where 1=1 and a.status =0 and a.userid=1 [ RunTime:0.000264s ]
SQL: SELECT * FROM `tp_user` WHERE ( id=1 ) LIMIT 1   [ RunTime:0.000265s ]
SQL: select a.id,a.name,a.urls,a.cls,a.pid from tp_menu a left join tp_usermenu b on a.id = b.menuid where 1=1 and a.enabled=1 and a.pid=0 and b.userid=1 order by a.pid asc, a.orders asc  [ RunTime:0.000499s ]
SQL: select a.id,a.name,a.urls,a.cls,a.pid from tp_menu a left join tp_usermenu b on a.id = b.menuid where 1=1 and a.enabled=1 and a.pid !=0 and b.userid=1 order by a.pid asc, a.orders asc  [ RunTime:0.000426s ]
SQL: select sum(a.sum) as balance from tp_customerform a where 1=1 and a.status =0 and a.userid=1 [ RunTime:0.000209s ]
SQL: SHOW COLUMNS FROM `tp_operlog` [ RunTime:0.007477s ]
NOTIC: [8] Undefined index:  country D:\AppServ\www\xxyh\home\Lib\Action\IndexAction.class.php 第 187 行.
NOTIC: [8] Undefined index:  city D:\AppServ\www\xxyh\home\Lib\Action\IndexAction.class.php 第 187 行.
SQL: INSERT INTO `tp_operlog` (`dtime`,`operip`,`operarea`,`opermethod`,`opernote`,`userid`) VALUES ('2015-02-03 23:43','127.0.0.1','-本地-','User/getMenuTree','导航菜单树','1') [ RunTime:0.000320s ]
SQL: SELECT * FROM `tp_menu`  [ RunTime:0.000423s ]
INFO: [ view_parse ] --START--
INFO: ParseTemplate Behavior ::run [ RunTime:0.010505s ]
INFO: [ view_parse ] --END-- [ RunTime:0.010611s ]
INFO: [ view_filter ] --START--
INFO: ContentReplace Behavior ::run [ RunTime:0.000321s ]
INFO: TokenBuild Behavior ::run [ RunTime:0.000325s ]
INFO: WriteHtmlCache Behavior ::run [ RunTime:0.000269s ]
INFO: ShowRuntime Behavior ::run [ RunTime:0.000455s ]
INFO: [ view_filter ] --END-- [ RunTime:0.001570s ]
INFO: [ view_end ] --START--
INFO: ShowPageTrace Behavior ::run [ RunTime:0.000483s ]
INFO: [ view_end ] --END-- [ RunTime:0.000540s ]

[ 2015-02-03 23:43:27 ] 127.0.0.1 /xxyh/index.php/usermenu?userid=1
INFO: [ route_check ] --START--
INFO: CheckRoute Behavior ::run [ RunTime:0.001100s ]
INFO: [ route_check ] --END-- [ RunTime:0.001222s ]
INFO: [ app_begin ] --START--
INFO: ReadHtmlCache Behavior ::run [ RunTime:0.000466s ]
INFO: [ app_begin ] --END-- [ RunTime:0.000525s ]
SQL: SHOW COLUMNS FROM `tp_user` [ RunTime:0.007327s ]
SQL: SELECT * FROM `tp_user` WHERE ( id=1 ) LIMIT 1   [ RunTime:0.000316s ]
SQL: SHOW COLUMNS FROM `tp_menu` [ RunTime:0.004779s ]
SQL: select a.id,a.name,a.urls,a.cls,a.pid from tp_menu a left join tp_usermenu b on a.id = b.menuid where 1=1 and a.enabled=1 and a.pid=0 and b.userid=1 order by a.pid asc, a.orders asc  [ RunTime:0.000649s ]
SQL: select a.id,a.name,a.urls,a.cls,a.pid from tp_menu a left join tp_usermenu b on a.id = b.menuid where 1=1 and a.enabled=1 and a.pid !=0 and b.userid=1 order by a.pid asc, a.orders asc  [ RunTime:0.000490s ]
SQL: SHOW COLUMNS FROM `tp_customerform` [ RunTime:0.006985s ]
SQL: select sum(a.sum) as balance from tp_customerform a where 1=1 and a.status =0 and a.userid=1 [ RunTime:0.000568s ]
SQL: SHOW COLUMNS FROM `tp_usermenu` [ RunTime:0.005264s ]
SQL: select a.id,a.userid,a.menuid from tp_usermenu a where 1=1 and a.userid=1 [ RunTime:0.000326s ]
SQL: SELECT * FROM `tp_user` WHERE ( id=1 ) LIMIT 1   [ RunTime:0.000321s ]
SQL: select a.id,a.name,a.urls,a.cls,a.pid from tp_menu a left join tp_usermenu b on a.id = b.menuid where 1=1 and a.enabled=1 and a.pid=0 and b.userid=1 order by a.pid asc, a.orders asc  [ RunTime:0.000505s ]
SQL: select a.id,a.name,a.urls,a.cls,a.pid from tp_menu a left join tp_usermenu b on a.id = b.menuid where 1=1 and a.enabled=1 and a.pid !=0 and b.userid=1 order by a.pid asc, a.orders asc  [ RunTime:0.000451s ]
SQL: select sum(a.sum) as balance from tp_customerform a where 1=1 and a.status =0 and a.userid=1 [ RunTime:0.000476s ]
SQL: SHOW COLUMNS FROM `tp_operlog` [ RunTime:0.006136s ]
NOTIC: [8] Undefined index:  country D:\AppServ\www\xxyh\home\Lib\Action\IndexAction.class.php 第 187 行.
NOTIC: [8] Undefined index:  city D:\AppServ\www\xxyh\home\Lib\Action\IndexAction.class.php 第 187 行.
SQL: INSERT INTO `tp_operlog` (`dtime`,`operip`,`operarea`,`opermethod`,`opernote`,`userid`) VALUES ('2015-02-03 23:43','127.0.0.1','-本地-','User/getUserMenu','获取用户导航权限','1') [ RunTime:0.000381s ]

[ 2015-02-03 23:43:35 ] 127.0.0.1 /xxyh/index.php/changepower
INFO: [ route_check ] --START--
INFO: CheckRoute Behavior ::run [ RunTime:0.001208s ]
INFO: [ route_check ] --END-- [ RunTime:0.001385s ]
INFO: [ app_begin ] --START--
INFO: ReadHtmlCache Behavior ::run [ RunTime:0.000696s ]
INFO: [ app_begin ] --END-- [ RunTime:0.000788s ]
SQL: SHOW COLUMNS FROM `tp_user` [ RunTime:0.006885s ]
SQL: SELECT * FROM `tp_user` WHERE ( id=1 ) LIMIT 1   [ RunTime:0.000363s ]
SQL: SHOW COLUMNS FROM `tp_menu` [ RunTime:0.004475s ]
SQL: select a.id,a.name,a.urls,a.cls,a.pid from tp_menu a left join tp_usermenu b on a.id = b.menuid where 1=1 and a.enabled=1 and a.pid=0 and b.userid=1 order by a.pid asc, a.orders asc  [ RunTime:0.000957s ]
SQL: select a.id,a.name,a.urls,a.cls,a.pid from tp_menu a left join tp_usermenu b on a.id = b.menuid where 1=1 and a.enabled=1 and a.pid !=0 and b.userid=1 order by a.pid asc, a.orders asc  [ RunTime:0.000845s ]
SQL: SHOW COLUMNS FROM `tp_customerform` [ RunTime:0.004773s ]
SQL: select sum(a.sum) as balance from tp_customerform a where 1=1 and a.status =0 and a.userid=1 [ RunTime:0.000401s ]
SQL: SHOW COLUMNS FROM `tp_usermenu` [ RunTime:0.004217s ]
SQL: DELETE FROM `tp_usermenu` WHERE ( userid=1 ) [ RunTime:0.000713s ]
SQL: INSERT INTO `tp_usermenu` (`userid`,`menuid`) VALUES ('1','1') [ RunTime:0.000234s ]
SQL: INSERT INTO `tp_usermenu` (`userid`,`menuid`) VALUES ('1','2') [ RunTime:0.000209s ]
SQL: INSERT INTO `tp_usermenu` (`userid`,`menuid`) VALUES ('1','3') [ RunTime:0.000255s ]
SQL: INSERT INTO `tp_usermenu` (`userid`,`menuid`) VALUES ('1','4') [ RunTime:0.000152s ]
SQL: INSERT INTO `tp_usermenu` (`userid`,`menuid`) VALUES ('1','5') [ RunTime:0.000154s ]
SQL: INSERT INTO `tp_usermenu` (`userid`,`menuid`) VALUES ('1','6') [ RunTime:0.000135s ]
SQL: INSERT INTO `tp_usermenu` (`userid`,`menuid`) VALUES ('1','7') [ RunTime:0.000135s ]
SQL: INSERT INTO `tp_usermenu` (`userid`,`menuid`) VALUES ('1','8') [ RunTime:0.000138s ]
SQL: INSERT INTO `tp_usermenu` (`userid`,`menuid`) VALUES ('1','9') [ RunTime:0.000131s ]
SQL: INSERT INTO `tp_usermenu` (`userid`,`menuid`) VALUES ('1','10') [ RunTime:0.000121s ]
SQL: INSERT INTO `tp_usermenu` (`userid`,`menuid`) VALUES ('1','11') [ RunTime:0.000236s ]
SQL: INSERT INTO `tp_usermenu` (`userid`,`menuid`) VALUES ('1','12') [ RunTime:0.000368s ]
SQL: INSERT INTO `tp_usermenu` (`userid`,`menuid`) VALUES ('1','13') [ RunTime:0.000175s ]
SQL: INSERT INTO `tp_usermenu` (`userid`,`menuid`) VALUES ('1','14') [ RunTime:0.000198s ]
SQL: INSERT INTO `tp_usermenu` (`userid`,`menuid`) VALUES ('1','16') [ RunTime:0.000165s ]
SQL: INSERT INTO `tp_usermenu` (`userid`,`menuid`) VALUES ('1','17') [ RunTime:0.000181s ]
SQL: INSERT INTO `tp_usermenu` (`userid`,`menuid`) VALUES ('1','18') [ RunTime:0.000143s ]
SQL: INSERT INTO `tp_usermenu` (`userid`,`menuid`) VALUES ('1','19') [ RunTime:0.000184s ]
SQL: INSERT INTO `tp_usermenu` (`userid`,`menuid`) VALUES ('1','20') [ RunTime:0.000212s ]
SQL: INSERT INTO `tp_usermenu` (`userid`,`menuid`) VALUES ('1','21') [ RunTime:0.000273s ]
SQL: INSERT INTO `tp_usermenu` (`userid`,`menuid`) VALUES ('1','22') [ RunTime:0.000354s ]
SQL: INSERT INTO `tp_usermenu` (`userid`,`menuid`) VALUES ('1','23') [ RunTime:0.000169s ]
SQL: INSERT INTO `tp_usermenu` (`userid`,`menuid`) VALUES ('1','24') [ RunTime:0.000147s ]
SQL: INSERT INTO `tp_usermenu` (`userid`,`menuid`) VALUES ('1','26') [ RunTime:0.000156s ]
SQL: INSERT INTO `tp_usermenu` (`userid`,`menuid`) VALUES ('1','28') [ RunTime:0.000147s ]
SQL: INSERT INTO `tp_usermenu` (`userid`,`menuid`) VALUES ('1','29') [ RunTime:0.000137s ]
SQL: INSERT INTO `tp_usermenu` (`userid`,`menuid`) VALUES ('1','30') [ RunTime:0.000146s ]
SQL: INSERT INTO `tp_usermenu` (`userid`,`menuid`) VALUES ('1','31') [ RunTime:0.000144s ]
SQL: INSERT INTO `tp_usermenu` (`userid`,`menuid`) VALUES ('1','32') [ RunTime:0.000130s ]
SQL: INSERT INTO `tp_usermenu` (`userid`,`menuid`) VALUES ('1','33') [ RunTime:0.000130s ]
SQL: INSERT INTO `tp_usermenu` (`userid`,`menuid`) VALUES ('1','34') [ RunTime:0.000139s ]
SQL: INSERT INTO `tp_usermenu` (`userid`,`menuid`) VALUES ('1','35') [ RunTime:0.000139s ]
SQL: INSERT INTO `tp_usermenu` (`userid`,`menuid`) VALUES ('1','36') [ RunTime:0.000139s ]
SQL: INSERT INTO `tp_usermenu` (`userid`,`menuid`) VALUES ('1','37') [ RunTime:0.000180s ]
SQL: INSERT INTO `tp_usermenu` (`userid`,`menuid`) VALUES ('1','38') [ RunTime:0.000172s ]
SQL: INSERT INTO `tp_usermenu` (`userid`,`menuid`) VALUES ('1','39') [ RunTime:0.000219s ]
SQL: SELECT * FROM `tp_user` WHERE ( id=1 ) LIMIT 1   [ RunTime:0.000343s ]
SQL: select a.id,a.name,a.urls,a.cls,a.pid from tp_menu a left join tp_usermenu b on a.id = b.menuid where 1=1 and a.enabled=1 and a.pid=0 and b.userid=1 order by a.pid asc, a.orders asc  [ RunTime:0.000637s ]
SQL: select a.id,a.name,a.urls,a.cls,a.pid from tp_menu a left join tp_usermenu b on a.id = b.menuid where 1=1 and a.enabled=1 and a.pid !=0 and b.userid=1 order by a.pid asc, a.orders asc  [ RunTime:0.000551s ]
SQL: select sum(a.sum) as balance from tp_customerform a where 1=1 and a.status =0 and a.userid=1 [ RunTime:0.000346s ]
SQL: SHOW COLUMNS FROM `tp_operlog` [ RunTime:0.005302s ]
NOTIC: [8] Undefined index:  country D:\AppServ\www\xxyh\home\Lib\Action\IndexAction.class.php 第 187 行.
NOTIC: [8] Undefined index:  city D:\AppServ\www\xxyh\home\Lib\Action\IndexAction.class.php 第 187 行.
SQL: INSERT INTO `tp_operlog` (`dtime`,`operip`,`operarea`,`opermethod`,`opernote`,`userid`) VALUES ('2015-02-03 23:43','127.0.0.1','-本地-','User/changeUserPower','更改用户导航权限','1') [ RunTime:0.000217s ]
SQL: SELECT COUNT(*) AS tp_count FROM `tp_user` LIMIT 1   [ RunTime:0.000201s ]
SQL: select a.id,a.name,a.loginname,a.dtime,a.enabled,a.orders,a.xiaofei,a.ticheng,a.yeji,b.name as rolename,b.id as roleid from tp_user a left join tp_role b on b.id = a.roleid  where 1=1   [ RunTime:0.000252s ]
SQL: SELECT * FROM `tp_user` WHERE ( id=1 ) LIMIT 1   [ RunTime:0.000230s ]
SQL: select a.id,a.name,a.urls,a.cls,a.pid from tp_menu a left join tp_usermenu b on a.id = b.menuid where 1=1 and a.enabled=1 and a.pid=0 and b.userid=1 order by a.pid asc, a.orders asc  [ RunTime:0.000564s ]
SQL: select a.id,a.name,a.urls,a.cls,a.pid from tp_menu a left join tp_usermenu b on a.id = b.menuid where 1=1 and a.enabled=1 and a.pid !=0 and b.userid=1 order by a.pid asc, a.orders asc  [ RunTime:0.000541s ]
SQL: select sum(a.sum) as balance from tp_customerform a where 1=1 and a.status =0 and a.userid=1 [ RunTime:0.000259s ]
NOTIC: [8] Undefined index:  country D:\AppServ\www\xxyh\home\Lib\Action\IndexAction.class.php 第 187 行.
NOTIC: [8] Undefined index:  city D:\AppServ\www\xxyh\home\Lib\Action\IndexAction.class.php 第 187 行.
SQL: INSERT INTO `tp_operlog` (`dtime`,`operip`,`operarea`,`opermethod`,`opernote`,`userid`) VALUES ('2015-02-03 23:43','127.0.0.1','-本地-','User/userManager','用户信息管理','1') [ RunTime:0.000486s ]
INFO: [ view_parse ] --START--
INFO: ParseTemplate Behavior ::run [ RunTime:0.020201s ]
INFO: [ view_parse ] --END-- [ RunTime:0.020354s ]
INFO: [ view_filter ] --START--
INFO: ContentReplace Behavior ::run [ RunTime:0.000316s ]
INFO: TokenBuild Behavior ::run [ RunTime:0.000285s ]
INFO: WriteHtmlCache Behavior ::run [ RunTime:0.000175s ]
INFO: ShowRuntime Behavior ::run [ RunTime:0.000334s ]
INFO: [ view_filter ] --END-- [ RunTime:0.001281s ]
INFO: [ view_end ] --START--
INFO: ShowPageTrace Behavior ::run [ RunTime:0.000470s ]
INFO: [ view_end ] --END-- [ RunTime:0.000538s ]

[ 2015-02-03 23:43:37 ] 127.0.0.1 /xxyh/index.php/index
INFO: [ route_check ] --START--
INFO: CheckRoute Behavior ::run [ RunTime:0.001054s ]
INFO: [ route_check ] --END-- [ RunTime:0.001177s ]
INFO: [ app_begin ] --START--
INFO: ReadHtmlCache Behavior ::run [ RunTime:0.000589s ]
INFO: [ app_begin ] --END-- [ RunTime:0.000695s ]
SQL: SHOW COLUMNS FROM `tp_user` [ RunTime:0.004858s ]
SQL: SELECT * FROM `tp_user` WHERE ( id=1 ) LIMIT 1   [ RunTime:0.000372s ]
SQL: SHOW COLUMNS FROM `tp_menu` [ RunTime:0.004075s ]
SQL: select a.id,a.name,a.urls,a.cls,a.pid from tp_menu a left join tp_usermenu b on a.id = b.menuid where 1=1 and a.enabled=1 and a.pid=0 and b.userid=1 order by a.pid asc, a.orders asc  [ RunTime:0.000539s ]
SQL: select a.id,a.name,a.urls,a.cls,a.pid from tp_menu a left join tp_usermenu b on a.id = b.menuid where 1=1 and a.enabled=1 and a.pid !=0 and b.userid=1 order by a.pid asc, a.orders asc  [ RunTime:0.000722s ]
SQL: SHOW COLUMNS FROM `tp_customerform` [ RunTime:0.004078s ]
SQL: select sum(a.sum) as balance from tp_customerform a where 1=1 and a.status =0 and a.userid=1 [ RunTime:0.000262s ]
SQL: SHOW COLUMNS FROM `tp_operlog` [ RunTime:0.004649s ]
NOTIC: [8] Undefined index:  country D:\AppServ\www\xxyh\home\Lib\Action\IndexAction.class.php 第 187 行.
NOTIC: [8] Undefined index:  city D:\AppServ\www\xxyh\home\Lib\Action\IndexAction.class.php 第 187 行.
SQL: INSERT INTO `tp_operlog` (`dtime`,`operip`,`operarea`,`opermethod`,`opernote`,`userid`) VALUES ('2015-02-03 23:43','127.0.0.1','-本地-','Index/index','访问首页','1') [ RunTime:0.000259s ]
INFO: [ view_parse ] --START--
INFO: ParseTemplate Behavior ::run [ RunTime:0.016661s ]
INFO: [ view_parse ] --END-- [ RunTime:0.016799s ]
INFO: [ view_filter ] --START--
INFO: ContentReplace Behavior ::run [ RunTime:0.000414s ]
INFO: TokenBuild Behavior ::run [ RunTime:0.000301s ]
INFO: WriteHtmlCache Behavior ::run [ RunTime:0.000189s ]
INFO: ShowRuntime Behavior ::run [ RunTime:0.000359s ]
INFO: [ view_filter ] --END-- [ RunTime:0.001446s ]
INFO: [ view_end ] --START--
INFO: ShowPageTrace Behavior ::run [ RunTime:0.000513s ]
INFO: [ view_end ] --END-- [ RunTime:0.000586s ]

[ 2015-02-03 23:43:37 ] 127.0.0.1 /xxyh/index.php/main
INFO: [ route_check ] --START--
INFO: CheckRoute Behavior ::run [ RunTime:0.001153s ]
INFO: [ route_check ] --END-- [ RunTime:0.001286s ]
INFO: [ app_begin ] --START--
INFO: ReadHtmlCache Behavior ::run [ RunTime:0.000522s ]
INFO: [ app_begin ] --END-- [ RunTime:0.000589s ]
SQL: SHOW COLUMNS FROM `tp_user` [ RunTime:0.004284s ]
SQL: SELECT * FROM `tp_user` WHERE ( id=1 ) LIMIT 1   [ RunTime:0.000471s ]
SQL: SHOW COLUMNS FROM `tp_menu` [ RunTime:0.008376s ]
SQL: select a.id,a.name,a.urls,a.cls,a.pid from tp_menu a left join tp_usermenu b on a.id = b.menuid where 1=1 and a.enabled=1 and a.pid=0 and b.userid=1 order by a.pid asc, a.orders asc  [ RunTime:0.000665s ]
SQL: select a.id,a.name,a.urls,a.cls,a.pid from tp_menu a left join tp_usermenu b on a.id = b.menuid where 1=1 and a.enabled=1 and a.pid !=0 and b.userid=1 order by a.pid asc, a.orders asc  [ RunTime:0.001194s ]
SQL: SHOW COLUMNS FROM `tp_customerform` [ RunTime:0.004082s ]
SQL: select sum(a.sum) as balance from tp_customerform a where 1=1 and a.status =0 and a.userid=1 [ RunTime:0.000290s ]
NOTIC: [8] Undefined index:  country D:\AppServ\www\xxyh\home\Lib\Action\IndexAction.class.php 第 30 行.
NOTIC: [8] Undefined index:  city D:\AppServ\www\xxyh\home\Lib\Action\IndexAction.class.php 第 32 行.
SQL: SHOW COLUMNS FROM `tp_operlog` [ RunTime:0.011138s ]
NOTIC: [8] Undefined index:  country D:\AppServ\www\xxyh\home\Lib\Action\IndexAction.class.php 第 187 行.
NOTIC: [8] Undefined index:  city D:\AppServ\www\xxyh\home\Lib\Action\IndexAction.class.php 第 187 行.
SQL: INSERT INTO `tp_operlog` (`dtime`,`operip`,`operarea`,`opermethod`,`opernote`,`userid`) VALUES ('2015-02-03 23:43','127.0.0.1','-本地-','Index/main','访问主页','1') [ RunTime:0.000473s ]
INFO: [ view_parse ] --START--
INFO: ParseTemplate Behavior ::run [ RunTime:0.020864s ]
INFO: [ view_parse ] --END-- [ RunTime:0.021197s ]
INFO: [ view_filter ] --START--
INFO: ContentReplace Behavior ::run [ RunTime:0.000773s ]
INFO: TokenBuild Behavior ::run [ RunTime:0.000723s ]
INFO: WriteHtmlCache Behavior ::run [ RunTime:0.000464s ]
INFO: ShowRuntime Behavior ::run [ RunTime:0.000556s ]
INFO: [ view_filter ] --END-- [ RunTime:0.002887s ]
INFO: [ view_end ] --START--
INFO: ShowPageTrace Behavior ::run [ RunTime:0.000678s ]
INFO: [ view_end ] --END-- [ RunTime:0.000750s ]

[ 2015-02-03 23:43:39 ] 127.0.0.1 /xxyh/index.php/mytixian
INFO: [ route_check ] --START--
INFO: CheckRoute Behavior ::run [ RunTime:0.001303s ]
INFO: [ route_check ] --END-- [ RunTime:0.001432s ]
INFO: [ app_begin ] --START--
INFO: ReadHtmlCache Behavior ::run [ RunTime:0.000494s ]
INFO: [ app_begin ] --END-- [ RunTime:0.000558s ]
SQL: SHOW COLUMNS FROM `tp_user` [ RunTime:0.004626s ]
SQL: SELECT * FROM `tp_user` WHERE ( id=1 ) LIMIT 1   [ RunTime:0.000342s ]
SQL: SHOW COLUMNS FROM `tp_menu` [ RunTime:0.004180s ]
SQL: select a.id,a.name,a.urls,a.cls,a.pid from tp_menu a left join tp_usermenu b on a.id = b.menuid where 1=1 and a.enabled=1 and a.pid=0 and b.userid=1 order by a.pid asc, a.orders asc  [ RunTime:0.000572s ]
SQL: select a.id,a.name,a.urls,a.cls,a.pid from tp_menu a left join tp_usermenu b on a.id = b.menuid where 1=1 and a.enabled=1 and a.pid !=0 and b.userid=1 order by a.pid asc, a.orders asc  [ RunTime:0.000497s ]
SQL: SHOW COLUMNS FROM `tp_customerform` [ RunTime:0.004400s ]
SQL: select sum(a.sum) as balance from tp_customerform a where 1=1 and a.status =0 and a.userid=1 [ RunTime:0.000272s ]
SQL: SHOW COLUMNS FROM `tp_tixian` [ RunTime:0.004489s ]
SQL: SELECT COUNT(*) AS tp_count FROM `tp_tixian` WHERE ( userid=1 ) LIMIT 1   [ RunTime:0.000360s ]
SQL: select a.id,a.money,a.dtime,a.status from tp_tixian a where 1=1 and a.userid =1 limit 0,9 [ RunTime:0.000180s ]
SQL: SELECT * FROM `tp_user` WHERE ( id=1 ) LIMIT 1   [ RunTime:0.000423s ]
SQL: select a.id,a.name,a.urls,a.cls,a.pid from tp_menu a left join tp_usermenu b on a.id = b.menuid where 1=1 and a.enabled=1 and a.pid=0 and b.userid=1 order by a.pid asc, a.orders asc  [ RunTime:0.000601s ]
SQL: select a.id,a.name,a.urls,a.cls,a.pid from tp_menu a left join tp_usermenu b on a.id = b.menuid where 1=1 and a.enabled=1 and a.pid !=0 and b.userid=1 order by a.pid asc, a.orders asc  [ RunTime:0.000709s ]
SQL: select sum(a.sum) as balance from tp_customerform a where 1=1 and a.status =0 and a.userid=1 [ RunTime:0.000246s ]
SQL: SHOW COLUMNS FROM `tp_operlog` [ RunTime:0.011153s ]
NOTIC: [8] Undefined index:  country D:\AppServ\www\xxyh\home\Lib\Action\IndexAction.class.php 第 187 行.
NOTIC: [8] Undefined index:  city D:\AppServ\www\xxyh\home\Lib\Action\IndexAction.class.php 第 187 行.
SQL: INSERT INTO `tp_operlog` (`dtime`,`operip`,`operarea`,`opermethod`,`opernote`,`userid`) VALUES ('2015-02-03 23:43','127.0.0.1','-本地-','User/getMyTiXian','我的提现记录','1') [ RunTime:0.000710s ]
INFO: [ view_parse ] --START--
INFO: ParseTemplate Behavior ::run [ RunTime:0.019432s ]
INFO: [ view_parse ] --END-- [ RunTime:0.019626s ]
INFO: [ view_filter ] --START--
INFO: ContentReplace Behavior ::run [ RunTime:0.000650s ]
INFO: TokenBuild Behavior ::run [ RunTime:0.000573s ]
INFO: WriteHtmlCache Behavior ::run [ RunTime:0.000375s ]
INFO: ShowRuntime Behavior ::run [ RunTime:0.000663s ]
INFO: [ view_filter ] --END-- [ RunTime:0.002585s ]
INFO: [ view_end ] --START--
INFO: ShowPageTrace Behavior ::run [ RunTime:0.000980s ]
INFO: [ view_end ] --END-- [ RunTime:0.001096s ]

[ 2015-02-03 23:43:56 ] 127.0.0.1 /xxyh/index.php/alltixian
INFO: [ route_check ] --START--
INFO: CheckRoute Behavior ::run [ RunTime:0.001616s ]
INFO: [ route_check ] --END-- [ RunTime:0.001719s ]
INFO: [ app_begin ] --START--
INFO: ReadHtmlCache Behavior ::run [ RunTime:0.000788s ]
INFO: [ app_begin ] --END-- [ RunTime:0.000865s ]
SQL: SHOW COLUMNS FROM `tp_user` [ RunTime:0.004477s ]
SQL: SELECT * FROM `tp_user` WHERE ( id=1 ) LIMIT 1   [ RunTime:0.000332s ]
SQL: SHOW COLUMNS FROM `tp_menu` [ RunTime:0.003834s ]
SQL: select a.id,a.name,a.urls,a.cls,a.pid from tp_menu a left join tp_usermenu b on a.id = b.menuid where 1=1 and a.enabled=1 and a.pid=0 and b.userid=1 order by a.pid asc, a.orders asc  [ RunTime:0.000530s ]
SQL: select a.id,a.name,a.urls,a.cls,a.pid from tp_menu a left join tp_usermenu b on a.id = b.menuid where 1=1 and a.enabled=1 and a.pid !=0 and b.userid=1 order by a.pid asc, a.orders asc  [ RunTime:0.000431s ]
SQL: SHOW COLUMNS FROM `tp_customerform` [ RunTime:0.003993s ]
SQL: select sum(a.sum) as balance from tp_customerform a where 1=1 and a.status =0 and a.userid=1 [ RunTime:0.000334s ]
SQL: SHOW COLUMNS FROM `tp_tixian` [ RunTime:0.004158s ]
SQL: SELECT COUNT(*) AS tp_count FROM `tp_tixian` LIMIT 1   [ RunTime:0.000239s ]
SQL: select a.id,a.money,a.dtime,a.status,b.name,b.yeji from tp_tixian a left join tp_user b on a.userid = b.id  where 1=1  limit 0,9 [ RunTime:0.000262s ]
SQL: SELECT * FROM `tp_user` WHERE ( id=1 ) LIMIT 1   [ RunTime:0.000255s ]
SQL: select a.id,a.name,a.urls,a.cls,a.pid from tp_menu a left join tp_usermenu b on a.id = b.menuid where 1=1 and a.enabled=1 and a.pid=0 and b.userid=1 order by a.pid asc, a.orders asc  [ RunTime:0.000472s ]
SQL: select a.id,a.name,a.urls,a.cls,a.pid from tp_menu a left join tp_usermenu b on a.id = b.menuid where 1=1 and a.enabled=1 and a.pid !=0 and b.userid=1 order by a.pid asc, a.orders asc  [ RunTime:0.000435s ]
SQL: select sum(a.sum) as balance from tp_customerform a where 1=1 and a.status =0 and a.userid=1 [ RunTime:0.000174s ]
SQL: SHOW COLUMNS FROM `tp_operlog` [ RunTime:0.011127s ]
NOTIC: [8] Undefined index:  country D:\AppServ\www\xxyh\home\Lib\Action\IndexAction.class.php 第 187 行.
NOTIC: [8] Undefined index:  city D:\AppServ\www\xxyh\home\Lib\Action\IndexAction.class.php 第 187 行.
SQL: INSERT INTO `tp_operlog` (`dtime`,`operip`,`operarea`,`opermethod`,`opernote`,`userid`) VALUES ('2015-02-03 23:43','127.0.0.1','-本地-','User/getAllTiXian','全部提现记录','1') [ RunTime:0.000668s ]
INFO: [ view_parse ] --START--
INFO: ParseTemplate Behavior ::run [ RunTime:0.026642s ]
INFO: [ view_parse ] --END-- [ RunTime:0.026898s ]
INFO: [ view_filter ] --START--
INFO: ContentReplace Behavior ::run [ RunTime:0.000895s ]
INFO: TokenBuild Behavior ::run [ RunTime:0.000613s ]
INFO: WriteHtmlCache Behavior ::run [ RunTime:0.000497s ]
INFO: ShowRuntime Behavior ::run [ RunTime:0.000671s ]
INFO: [ view_filter ] --END-- [ RunTime:0.002872s ]
INFO: [ view_end ] --START--
INFO: ShowPageTrace Behavior ::run [ RunTime:0.000848s ]
INFO: [ view_end ] --END-- [ RunTime:0.000933s ]

[ 2015-02-03 23:44:13 ] 127.0.0.1 /xxyh/index.php/alltixian
INFO: [ route_check ] --START--
INFO: CheckRoute Behavior ::run [ RunTime:0.001219s ]
INFO: [ route_check ] --END-- [ RunTime:0.001318s ]
INFO: [ app_begin ] --START--
INFO: ReadHtmlCache Behavior ::run [ RunTime:0.000521s ]
INFO: [ app_begin ] --END-- [ RunTime:0.000601s ]
SQL: SHOW COLUMNS FROM `tp_user` [ RunTime:0.004233s ]
SQL: SELECT * FROM `tp_user` WHERE ( id=1 ) LIMIT 1   [ RunTime:0.000325s ]
SQL: SHOW COLUMNS FROM `tp_menu` [ RunTime:0.003888s ]
SQL: select a.id,a.name,a.urls,a.cls,a.pid from tp_menu a left join tp_usermenu b on a.id = b.menuid where 1=1 and a.enabled=1 and a.pid=0 and b.userid=1 order by a.pid asc, a.orders asc  [ RunTime:0.000546s ]
SQL: select a.id,a.name,a.urls,a.cls,a.pid from tp_menu a left join tp_usermenu b on a.id = b.menuid where 1=1 and a.enabled=1 and a.pid !=0 and b.userid=1 order by a.pid asc, a.orders asc  [ RunTime:0.000458s ]
SQL: SHOW COLUMNS FROM `tp_customerform` [ RunTime:0.003822s ]
SQL: select sum(a.sum) as balance from tp_customerform a where 1=1 and a.status =0 and a.userid=1 [ RunTime:0.000241s ]
SQL: SHOW COLUMNS FROM `tp_tixian` [ RunTime:0.004159s ]
SQL: SELECT COUNT(*) AS tp_count FROM `tp_tixian` LIMIT 1   [ RunTime:0.000238s ]
SQL: select a.id,a.money,a.dtime,a.status,b.name,b.yeji from tp_tixian a left join tp_user b on a.userid = b.id  where 1=1  limit 0,9 [ RunTime:0.000227s ]
SQL: SELECT * FROM `tp_user` WHERE ( id=1 ) LIMIT 1   [ RunTime:0.000229s ]
SQL: select a.id,a.name,a.urls,a.cls,a.pid from tp_menu a left join tp_usermenu b on a.id = b.menuid where 1=1 and a.enabled=1 and a.pid=0 and b.userid=1 order by a.pid asc, a.orders asc  [ RunTime:0.000450s ]
SQL: select a.id,a.name,a.urls,a.cls,a.pid from tp_menu a left join tp_usermenu b on a.id = b.menuid where 1=1 and a.enabled=1 and a.pid !=0 and b.userid=1 order by a.pid asc, a.orders asc  [ RunTime:0.000414s ]
SQL: select sum(a.sum) as balance from tp_customerform a where 1=1 and a.status =0 and a.userid=1 [ RunTime:0.000161s ]
SQL: SHOW COLUMNS FROM `tp_operlog` [ RunTime:0.010282s ]
NOTIC: [8] Undefined index:  country D:\AppServ\www\xxyh\home\Lib\Action\IndexAction.class.php 第 187 行.
NOTIC: [8] Undefined index:  city D:\AppServ\www\xxyh\home\Lib\Action\IndexAction.class.php 第 187 行.
SQL: INSERT INTO `tp_operlog` (`dtime`,`operip`,`operarea`,`opermethod`,`opernote`,`userid`) VALUES ('2015-02-03 23:44','127.0.0.1','-本地-','User/getAllTiXian','全部提现记录','1') [ RunTime:0.000460s ]
INFO: [ view_parse ] --START--
INFO: ParseTemplate Behavior ::run [ RunTime:0.019027s ]
INFO: [ view_parse ] --END-- [ RunTime:0.019204s ]
INFO: [ view_filter ] --START--
INFO: ContentReplace Behavior ::run [ RunTime:0.000541s ]
INFO: TokenBuild Behavior ::run [ RunTime:0.000547s ]
INFO: WriteHtmlCache Behavior ::run [ RunTime:0.000363s ]
INFO: ShowRuntime Behavior ::run [ RunTime:0.000768s ]
INFO: [ view_filter ] --END-- [ RunTime:0.002523s ]
INFO: [ view_end ] --START--
INFO: ShowPageTrace Behavior ::run [ RunTime:0.000912s ]
INFO: [ view_end ] --END-- [ RunTime:0.001024s ]

